This is pdfTeX, Version 3.14159265-2.6-1.40.17 (TeX Live 2016) (preloaded format=pdflatex 2016.8.15)  31 AUG 2016 12:35
entering extended mode
 restricted \write18 enabled.
 %&-line parsing enabled.
**poster.tex
(./poster.tex
LaTeX2e <2016/03/31>
Babel <3.9r> and hyphenation patterns for 83 language(s) loaded.
(/usr/local/texlive/2016/texmf-dist/tex/latex/beamer/beamer.cls
(/usr/local/texlive/2016/texmf-dist/tex/latex/beamer/beamerbasercs.sty
Package: beamerbasercs 2015/03/08 (rcs-revision 368aa9ba9d38)
)
Document Class: beamer 2015/01/05 3.36 A class for typesetting presentations (r
cs-revision 8a39122e1f63)
(/usr/local/texlive/2016/texmf-dist/tex/latex/beamer/beamerbasemodes.sty
Package: beamerbasemodes 2013/09/03 (rcs-revision 768f2d98ca64)
\beamer@tempbox=\box26
\beamer@tempcount=\count79
\c@beamerpauses=\count80

(/usr/local/texlive/2016/texmf-dist/tex/latex/beamer/beamerbasedecode.sty
Package: beamerbasedecode 2010/05/01 (rcs-revision efa082c6111d)
\beamer@slideinframe=\count81
\beamer@minimum=\count82
)
\beamer@commentbox=\box27
\beamer@modecount=\count83
)
(/usr/local/texlive/2016/texmf-dist/tex/generic/oberdiek/ifpdf.sty
Package: ifpdf 2016/05/14 v3.1 Provides the ifpdf switch
)
\headheight=\dimen102
\headdp=\dimen103
\footheight=\dimen104
\sidebarheight=\dimen105
\beamer@tempdim=\dimen106
\beamer@finalheight=\dimen107
\beamer@animht=\dimen108
\beamer@animdp=\dimen109
\beamer@animwd=\dimen110
\beamer@leftmargin=\dimen111
\beamer@rightmargin=\dimen112
\beamer@leftsidebar=\dimen113
\beamer@rightsidebar=\dimen114
\beamer@boxsize=\dimen115
\beamer@vboxoffset=\dimen116
\beamer@descdefault=\dimen117
\beamer@descriptionwidth=\dimen118
\beamer@lastskip=\skip41
\beamer@areabox=\box28
\beamer@animcurrent=\box29
\beamer@animshowbox=\box30
\beamer@sectionbox=\box31
\beamer@logobox=\box32
\beamer@linebox=\box33
\beamer@sectioncount=\count84
\beamer@subsubsectionmax=\count85
\beamer@subsectionmax=\count86
\beamer@sectionmax=\count87
\beamer@totalheads=\count88
\beamer@headcounter=\count89
\beamer@partstartpage=\count90
\beamer@sectionstartpage=\count91
\beamer@subsectionstartpage=\count92
\beamer@animationtempa=\count93
\beamer@animationtempb=\count94
\beamer@xpos=\count95
\beamer@ypos=\count96
\beamer@showpartnumber=\count97
\beamer@currentsubsection=\count98
\beamer@coveringdepth=\count99
\beamer@sectionadjust=\count100
\beamer@tocsectionnumber=\count101

(/usr/local/texlive/2016/texmf-dist/tex/latex/beamer/beamerbaseoptions.sty
Package: beamerbaseoptions 2013/03/10 (rcs-revision 47431932db0d)

(/usr/local/texlive/2016/texmf-dist/tex/latex/graphics/keyval.sty
Package: keyval 2014/10/28 v1.15 key=value parser (DPC)
\KV@toks@=\toks14
))
\beamer@paperwidth=\skip42
\beamer@paperheight=\skip43

(/usr/local/texlive/2016/texmf-dist/tex/latex/geometry/geometry.sty
Package: geometry 2010/09/12 v5.6 Page Geometry

(/usr/local/texlive/2016/texmf-dist/tex/generic/oberdiek/ifvtex.sty
Package: ifvtex 2016/05/16 v1.6 Detect VTeX and its facilities (HO)
Package ifvtex Info: VTeX not detected.
)
(/usr/local/texlive/2016/texmf-dist/tex/generic/ifxetex/ifxetex.sty
Package: ifxetex 2010/09/12 v0.6 Provides ifxetex conditional
)
\Gm@cnth=\count102
\Gm@cntv=\count103
\c@Gm@tempcnt=\count104
\Gm@bindingoffset=\dimen119
\Gm@wd@mp=\dimen120
\Gm@odd@mp=\dimen121
\Gm@even@mp=\dimen122
\Gm@layoutwidth=\dimen123
\Gm@layoutheight=\dimen124
\Gm@layouthoffset=\dimen125
\Gm@layoutvoffset=\dimen126
\Gm@dimlist=\toks15
)
(/usr/local/texlive/2016/texmf-dist/tex/latex/base/size11.clo
File: size11.clo 2014/09/29 v1.4h Standard LaTeX file (size option)
)
(/usr/local/texlive/2016/texmf-dist/tex/latex/pgf/basiclayer/pgfcore.sty
(/usr/local/texlive/2016/texmf-dist/tex/latex/graphics/graphicx.sty
Package: graphicx 2014/10/28 v1.0g Enhanced LaTeX Graphics (DPC,SPQR)

(/usr/local/texlive/2016/texmf-dist/tex/latex/graphics/graphics.sty
Package: graphics 2016/05/09 v1.0r Standard LaTeX Graphics (DPC,SPQR)

(/usr/local/texlive/2016/texmf-dist/tex/latex/graphics/trig.sty
Package: trig 2016/01/03 v1.10 sin cos tan (DPC)
)
(/usr/local/texlive/2016/texmf-dist/tex/latex/graphics-cfg/graphics.cfg
File: graphics.cfg 2016/01/02 v1.10 sample graphics configuration
)
Package graphics Info: Driver file: pdftex.def on input line 96.

(/usr/local/texlive/2016/texmf-dist/tex/latex/pdftex-def/pdftex.def
File: pdftex.def 2011/05/27 v0.06d Graphics/color for pdfTeX

(/usr/local/texlive/2016/texmf-dist/tex/generic/oberdiek/infwarerr.sty
Package: infwarerr 2016/05/16 v1.4 Providing info/warning/error messages (HO)
)
(/usr/local/texlive/2016/texmf-dist/tex/generic/oberdiek/ltxcmds.sty
Package: ltxcmds 2016/05/16 v1.23 LaTeX kernel commands for general use (HO)
)
\Gread@gobject=\count105
))
\Gin@req@height=\dimen127
\Gin@req@width=\dimen128
)
(/usr/local/texlive/2016/texmf-dist/tex/latex/pgf/systemlayer/pgfsys.sty
(/usr/local/texlive/2016/texmf-dist/tex/latex/pgf/utilities/pgfrcs.sty
(/usr/local/texlive/2016/texmf-dist/tex/generic/pgf/utilities/pgfutil-common.te
x
\pgfutil@everybye=\toks16
\pgfutil@tempdima=\dimen129
\pgfutil@tempdimb=\dimen130

(/usr/local/texlive/2016/texmf-dist/tex/generic/pgf/utilities/pgfutil-common-li
sts.tex))
(/usr/local/texlive/2016/texmf-dist/tex/generic/pgf/utilities/pgfutil-latex.def
\pgfutil@abb=\box34
(/usr/local/texlive/2016/texmf-dist/tex/latex/ms/everyshi.sty
Package: everyshi 2001/05/15 v3.00 EveryShipout Package (MS)
))
(/usr/local/texlive/2016/texmf-dist/tex/generic/pgf/utilities/pgfrcs.code.tex
Package: pgfrcs 2015/08/07 v3.0.1a (rcs-revision 1.31)
))
(/usr/local/texlive/2016/texmf-dist/tex/generic/pgf/systemlayer/pgfsys.code.tex
Package: pgfsys 2014/07/09 v3.0.1a (rcs-revision 1.48)
(/usr/local/texlive/2016/texmf-dist/tex/generic/pgf/utilities/pgfkeys.code.tex
\pgfkeys@pathtoks=\toks17
\pgfkeys@temptoks=\toks18

(/usr/local/texlive/2016/texmf-dist/tex/generic/pgf/utilities/pgfkeysfiltered.c
ode.tex
\pgfkeys@tmptoks=\toks19
))
\pgf@x=\dimen131
\pgf@y=\dimen132
\pgf@xa=\dimen133
\pgf@ya=\dimen134
\pgf@xb=\dimen135
\pgf@yb=\dimen136
\pgf@xc=\dimen137
\pgf@yc=\dimen138
\w@pgf@writea=\write3
\r@pgf@reada=\read1
\c@pgf@counta=\count106
\c@pgf@countb=\count107
\c@pgf@countc=\count108
\c@pgf@countd=\count109
\t@pgf@toka=\toks20
\t@pgf@tokb=\toks21
\t@pgf@tokc=\toks22

(/usr/local/texlive/2016/texmf-dist/tex/generic/pgf/systemlayer/pgf.cfg
File: pgf.cfg 2008/05/14  (rcs-revision 1.7)
)
Driver file for pgf: pgfsys-pdftex.def

(/usr/local/texlive/2016/texmf-dist/tex/generic/pgf/systemlayer/pgfsys-pdftex.d
ef
File: pgfsys-pdftex.def 2014/10/11  (rcs-revision 1.35)

(/usr/local/texlive/2016/texmf-dist/tex/generic/pgf/systemlayer/pgfsys-common-p
df.def
File: pgfsys-common-pdf.def 2013/10/10  (rcs-revision 1.13)
)))
(/usr/local/texlive/2016/texmf-dist/tex/generic/pgf/systemlayer/pgfsyssoftpath.
code.tex
File: pgfsyssoftpath.code.tex 2013/09/09  (rcs-revision 1.9)
\pgfsyssoftpath@smallbuffer@items=\count110
\pgfsyssoftpath@bigbuffer@items=\count111
)
(/usr/local/texlive/2016/texmf-dist/tex/generic/pgf/systemlayer/pgfsysprotocol.
code.tex
File: pgfsysprotocol.code.tex 2006/10/16  (rcs-revision 1.4)
)) (/usr/local/texlive/2016/texmf-dist/tex/latex/xcolor/xcolor.sty
Package: xcolor 2016/05/11 v2.12 LaTeX color extensions (UK)

(/usr/local/texlive/2016/texmf-dist/tex/latex/graphics-cfg/color.cfg
File: color.cfg 2016/01/02 v1.6 sample color configuration
)
Package xcolor Info: Driver file: pdftex.def on input line 225.
Package xcolor Info: Model `cmy' substituted by `cmy0' on input line 1348.
Package xcolor Info: Model `hsb' substituted by `rgb' on input line 1352.
Package xcolor Info: Model `RGB' extended on input line 1364.
Package xcolor Info: Model `HTML' substituted by `rgb' on input line 1366.
Package xcolor Info: Model `Hsb' substituted by `hsb' on input line 1367.
Package xcolor Info: Model `tHsb' substituted by `hsb' on input line 1368.
Package xcolor Info: Model `HSB' substituted by `hsb' on input line 1369.
Package xcolor Info: Model `Gray' substituted by `gray' on input line 1370.
Package xcolor Info: Model `wave' substituted by `hsb' on input line 1371.
)
(/usr/local/texlive/2016/texmf-dist/tex/generic/pgf/basiclayer/pgfcore.code.tex
Package: pgfcore 2010/04/11 v3.0.1a (rcs-revision 1.7)
(/usr/local/texlive/2016/texmf-dist/tex/generic/pgf/math/pgfmath.code.tex
(/usr/local/texlive/2016/texmf-dist/tex/generic/pgf/math/pgfmathcalc.code.tex
(/usr/local/texlive/2016/texmf-dist/tex/generic/pgf/math/pgfmathutil.code.tex)
(/usr/local/texlive/2016/texmf-dist/tex/generic/pgf/math/pgfmathparser.code.tex
\pgfmath@dimen=\dimen139
\pgfmath@count=\count112
\pgfmath@box=\box35
\pgfmath@toks=\toks23
\pgfmath@stack@operand=\toks24
\pgfmath@stack@operation=\toks25
)
(/usr/local/texlive/2016/texmf-dist/tex/generic/pgf/math/pgfmathfunctions.code.
tex
(/usr/local/texlive/2016/texmf-dist/tex/generic/pgf/math/pgfmathfunctions.basic
.code.tex)
(/usr/local/texlive/2016/texmf-dist/tex/generic/pgf/math/pgfmathfunctions.trigo
nometric.code.tex)
(/usr/local/texlive/2016/texmf-dist/tex/generic/pgf/math/pgfmathfunctions.rando
m.code.tex)
(/usr/local/texlive/2016/texmf-dist/tex/generic/pgf/math/pgfmathfunctions.compa
rison.code.tex)
(/usr/local/texlive/2016/texmf-dist/tex/generic/pgf/math/pgfmathfunctions.base.
code.tex)
(/usr/local/texlive/2016/texmf-dist/tex/generic/pgf/math/pgfmathfunctions.round
.code.tex)
(/usr/local/texlive/2016/texmf-dist/tex/generic/pgf/math/pgfmathfunctions.misc.
code.tex)
(/usr/local/texlive/2016/texmf-dist/tex/generic/pgf/math/pgfmathfunctions.integ
erarithmetics.code.tex)))
(/usr/local/texlive/2016/texmf-dist/tex/generic/pgf/math/pgfmathfloat.code.tex
\c@pgfmathroundto@lastzeros=\count113
))
(/usr/local/texlive/2016/texmf-dist/tex/generic/pgf/basiclayer/pgfcorepoints.co
de.tex
File: pgfcorepoints.code.tex 2013/10/07  (rcs-revision 1.27)
\pgf@picminx=\dimen140
\pgf@picmaxx=\dimen141
\pgf@picminy=\dimen142
\pgf@picmaxy=\dimen143
\pgf@pathminx=\dimen144
\pgf@pathmaxx=\dimen145
\pgf@pathminy=\dimen146
\pgf@pathmaxy=\dimen147
\pgf@xx=\dimen148
\pgf@xy=\dimen149
\pgf@yx=\dimen150
\pgf@yy=\dimen151
\pgf@zx=\dimen152
\pgf@zy=\dimen153
)
(/usr/local/texlive/2016/texmf-dist/tex/generic/pgf/basiclayer/pgfcorepathconst
ruct.code.tex
File: pgfcorepathconstruct.code.tex 2013/10/07  (rcs-revision 1.29)
\pgf@path@lastx=\dimen154
\pgf@path@lasty=\dimen155
)
(/usr/local/texlive/2016/texmf-dist/tex/generic/pgf/basiclayer/pgfcorepathusage
.code.tex
File: pgfcorepathusage.code.tex 2014/11/02  (rcs-revision 1.24)
\pgf@shorten@end@additional=\dimen156
\pgf@shorten@start@additional=\dimen157
)
(/usr/local/texlive/2016/texmf-dist/tex/generic/pgf/basiclayer/pgfcorescopes.co
de.tex
File: pgfcorescopes.code.tex 2015/05/08  (rcs-revision 1.46)
\pgfpic=\box36
\pgf@hbox=\box37
\pgf@layerbox@main=\box38
\pgf@picture@serial@count=\count114
)
(/usr/local/texlive/2016/texmf-dist/tex/generic/pgf/basiclayer/pgfcoregraphicst
ate.code.tex
File: pgfcoregraphicstate.code.tex 2014/11/02  (rcs-revision 1.12)
\pgflinewidth=\dimen158
)
(/usr/local/texlive/2016/texmf-dist/tex/generic/pgf/basiclayer/pgfcoretransform
ations.code.tex
File: pgfcoretransformations.code.tex 2015/08/07  (rcs-revision 1.20)
\pgf@pt@x=\dimen159
\pgf@pt@y=\dimen160
\pgf@pt@temp=\dimen161
)
(/usr/local/texlive/2016/texmf-dist/tex/generic/pgf/basiclayer/pgfcorequick.cod
e.tex
File: pgfcorequick.code.tex 2008/10/09  (rcs-revision 1.3)
)
(/usr/local/texlive/2016/texmf-dist/tex/generic/pgf/basiclayer/pgfcoreobjects.c
ode.tex
File: pgfcoreobjects.code.tex 2006/10/11  (rcs-revision 1.2)
)
(/usr/local/texlive/2016/texmf-dist/tex/generic/pgf/basiclayer/pgfcorepathproce
ssing.code.tex
File: pgfcorepathprocessing.code.tex 2013/09/09  (rcs-revision 1.9)
)
(/usr/local/texlive/2016/texmf-dist/tex/generic/pgf/basiclayer/pgfcorearrows.co
de.tex
File: pgfcorearrows.code.tex 2015/05/14  (rcs-revision 1.43)
\pgfarrowsep=\dimen162
)
(/usr/local/texlive/2016/texmf-dist/tex/generic/pgf/basiclayer/pgfcoreshade.cod
e.tex
File: pgfcoreshade.code.tex 2013/07/15  (rcs-revision 1.15)
\pgf@max=\dimen163
\pgf@sys@shading@range@num=\count115
)
(/usr/local/texlive/2016/texmf-dist/tex/generic/pgf/basiclayer/pgfcoreimage.cod
e.tex
File: pgfcoreimage.code.tex 2013/07/15  (rcs-revision 1.18)

(/usr/local/texlive/2016/texmf-dist/tex/generic/pgf/basiclayer/pgfcoreexternal.
code.tex
File: pgfcoreexternal.code.tex 2014/07/09  (rcs-revision 1.21)
\pgfexternal@startupbox=\box39
))
(/usr/local/texlive/2016/texmf-dist/tex/generic/pgf/basiclayer/pgfcorelayers.co
de.tex
File: pgfcorelayers.code.tex 2013/07/18  (rcs-revision 1.7)
)
(/usr/local/texlive/2016/texmf-dist/tex/generic/pgf/basiclayer/pgfcoretranspare
ncy.code.tex
File: pgfcoretransparency.code.tex 2013/09/30  (rcs-revision 1.5)
)
(/usr/local/texlive/2016/texmf-dist/tex/generic/pgf/basiclayer/pgfcorepatterns.
code.tex
File: pgfcorepatterns.code.tex 2013/11/07  (rcs-revision 1.5)
)))
(/usr/local/texlive/2016/texmf-dist/tex/latex/pgf/utilities/xxcolor.sty
Package: xxcolor 2003/10/24 ver 0.1
\XC@nummixins=\count116
\XC@countmixins=\count117
)
(/usr/local/texlive/2016/texmf-dist/tex/generic/oberdiek/atbegshi.sty
Package: atbegshi 2016/05/16 v1.17 At begin shipout hook (HO)
)
(/usr/local/texlive/2016/texmf-dist/tex/latex/hyperref/hyperref.sty
Package: hyperref 2016/05/05 v6.83n Hypertext links for LaTeX

(/usr/local/texlive/2016/texmf-dist/tex/generic/oberdiek/hobsub-hyperref.sty
Package: hobsub-hyperref 2016/05/16 v1.14 Bundle oberdiek, subset hyperref (HO)


(/usr/local/texlive/2016/texmf-dist/tex/generic/oberdiek/hobsub-generic.sty
Package: hobsub-generic 2016/05/16 v1.14 Bundle oberdiek, subset generic (HO)
Package: hobsub 2016/05/16 v1.14 Construct package bundles (HO)
Package hobsub Info: Skipping package `infwarerr' (already loaded).
Package hobsub Info: Skipping package `ltxcmds' (already loaded).
Package: ifluatex 2016/05/16 v1.4 Provides the ifluatex switch (HO)
Package ifluatex Info: LuaTeX not detected.
Package hobsub Info: Skipping package `ifvtex' (already loaded).
Package: intcalc 2016/05/16 v1.2 Expandable calculations with integers (HO)
Package hobsub Info: Skipping package `ifpdf' (already loaded).
Package: etexcmds 2016/05/16 v1.6 Avoid name clashes with e-TeX commands (HO)
Package etexcmds Info: Could not find \expanded.
(etexcmds)             That can mean that you are not using pdfTeX 1.50 or
(etexcmds)             that some package has redefined \expanded.
(etexcmds)             In the latter case, load this package earlier.
Package: kvsetkeys 2016/05/16 v1.17 Key value parser (HO)
Package: kvdefinekeys 2016/05/16 v1.4 Define keys (HO)
Package: pdftexcmds 2016/05/10 v0.21 Utility functions of pdfTeX for LuaTeX (HO
)
Package pdftexcmds Info: LuaTeX not detected.
Package pdftexcmds Info: \pdf@primitive is available.
Package pdftexcmds Info: \pdf@ifprimitive is available.
Package pdftexcmds Info: \pdfdraftmode found.
Package: pdfescape 2016/05/16 v1.14 Implements pdfTeX's escape features (HO)
Package: bigintcalc 2016/05/16 v1.4 Expandable calculations on big integers (HO
)
Package: bitset 2016/05/16 v1.2 Handle bit-vector datatype (HO)
Package: uniquecounter 2016/05/16 v1.3 Provide unlimited unique counter (HO)
)
Package hobsub Info: Skipping package `hobsub' (already loaded).
Package: letltxmacro 2016/05/16 v1.5 Let assignment for LaTeX macros (HO)
Package: hopatch 2016/05/16 v1.3 Wrapper for package hooks (HO)
Package: xcolor-patch 2016/05/16 xcolor patch
Package: atveryend 2016/05/16 v1.9 Hooks at the very end of document (HO)
Package atveryend Info: \enddocument detected (standard20110627).
Package hobsub Info: Skipping package `atbegshi' (already loaded).
Package: refcount 2016/05/16 v3.5 Data extraction from label references (HO)
Package: hycolor 2016/05/16 v1.8 Color options for hyperref/bookmark (HO)
)
(/usr/local/texlive/2016/texmf-dist/tex/latex/oberdiek/auxhook.sty
Package: auxhook 2016/05/16 v1.4 Hooks for auxiliary files (HO)
)
(/usr/local/texlive/2016/texmf-dist/tex/latex/oberdiek/kvoptions.sty
Package: kvoptions 2016/05/16 v3.12 Key value format for package options (HO)
)
\@linkdim=\dimen164
\Hy@linkcounter=\count118
\Hy@pagecounter=\count119

(/usr/local/texlive/2016/texmf-dist/tex/latex/hyperref/pd1enc.def
File: pd1enc.def 2016/05/05 v6.83n Hyperref: PDFDocEncoding definition (HO)
)
\Hy@SavedSpaceFactor=\count120

(/usr/local/texlive/2016/texmf-dist/tex/latex/latexconfig/hyperref.cfg
File: hyperref.cfg 2002/06/06 v1.2 hyperref configuration of TeXLive
)
Package hyperref Info: Option `final' set `true' on input line 4322.
Package hyperref Info: Option `bookmarks' set `true' on input line 4322.
Package hyperref Info: Option `bookmarksopen' set `true' on input line 4322.
Package hyperref Info: Option `pdfpagelabels' set `false' on input line 4322.
Package hyperref Info: Option `implicit' set `false' on input line 4322.
Package hyperref Info: Hyper figures OFF on input line 4446.
Package hyperref Info: Link nesting OFF on input line 4451.
Package hyperref Info: Hyper index ON on input line 4454.
Package hyperref Info: Plain pages OFF on input line 4461.
Package hyperref Info: Backreferencing OFF on input line 4466.
Package hyperref Info: Implicit mode OFF; no redefinition of LaTeX internals.
Package hyperref Info: Bookmarks ON on input line 4691.
\c@Hy@tempcnt=\count121

(/usr/local/texlive/2016/texmf-dist/tex/latex/url/url.sty
\Urlmuskip=\muskip10
Package: url 2013/09/16  ver 3.4  Verb mode for urls, etc.
)
LaTeX Info: Redefining \url on input line 5044.
\XeTeXLinkMargin=\dimen165
\Fld@menulength=\count122
\Field@Width=\dimen166
\Fld@charsize=\dimen167
Package hyperref Info: Hyper figures OFF on input line 6298.
Package hyperref Info: Link nesting OFF on input line 6303.
Package hyperref Info: Hyper index ON on input line 6306.
Package hyperref Info: backreferencing OFF on input line 6313.
Package hyperref Info: Link coloring OFF on input line 6318.
Package hyperref Info: Link coloring with OCG OFF on input line 6323.
Package hyperref Info: PDF/A mode OFF on input line 6328.
LaTeX Info: Redefining \ref on input line 6368.
LaTeX Info: Redefining \pageref on input line 6372.


Package hyperref Message: Stopped early.

)

Package hyperref Message: Driver (autodetected): hpdftex.

(/usr/local/texlive/2016/texmf-dist/tex/latex/hyperref/hpdftex.def
File: hpdftex.def 2016/05/05 v6.83n Hyperref driver for pdfTeX
\Fld@listcount=\count123
\c@bookmark@seq@number=\count124

(/usr/local/texlive/2016/texmf-dist/tex/latex/oberdiek/rerunfilecheck.sty
Package: rerunfilecheck 2016/05/16 v1.8 Rerun checks for auxiliary files (HO)
Package uniquecounter Info: New unique counter `rerunfilecheck' on input line 2
82.
))
(/usr/local/texlive/2016/texmf-dist/tex/latex/beamer/beamerbaserequires.sty
Package: beamerbaserequires 2010/05/01  (rcs-revision efa082c6111d)

(/usr/local/texlive/2016/texmf-dist/tex/latex/beamer/beamerbasecompatibility.st
y
Package: beamerbasecompatibility 2012/05/01  (rcs-revision 67c48b3b652d)
) (/usr/local/texlive/2016/texmf-dist/tex/latex/beamer/beamerbasefont.sty
Package: beamerbasefont 2015/01/05  (rcs-revision b4b4bee242e2)

(/usr/local/texlive/2016/texmf-dist/tex/latex/amsfonts/amssymb.sty
Package: amssymb 2013/01/14 v3.01 AMS font symbols

(/usr/local/texlive/2016/texmf-dist/tex/latex/amsfonts/amsfonts.sty
Package: amsfonts 2013/01/14 v3.01 Basic AMSFonts support
\@emptytoks=\toks26
\symAMSa=\mathgroup4
\symAMSb=\mathgroup5
LaTeX Font Info:    Overwriting math alphabet `\mathfrak' in version `bold'
(Font)                  U/euf/m/n --> U/euf/b/n on input line 106.
))
(/usr/local/texlive/2016/texmf-dist/tex/latex/sansmathaccent/sansmathaccent.sty
Package: sansmathaccent 2013/03/28
(/usr/local/texlive/2016/texmf-dist/tex/latex/filehook/filehook.sty
Package: filehook 2011/10/12 v0.5d Hooks for input files
)))
(/usr/local/texlive/2016/texmf-dist/tex/latex/beamer/beamerbasetranslator.sty
Package: beamerbasetranslator 2010/06/11  (rcs-revision 85fd1cc7fc42)

(/usr/local/texlive/2016/texmf-dist/tex/latex/beamer/translator/translator.sty
Package: translator 2010/06/12 ver 1.10

(/usr/local/texlive/2016/texmf-dist/tex/latex/beamer/translator/translator-lang
uage-mappings.tex)))
(/usr/local/texlive/2016/texmf-dist/tex/latex/beamer/beamerbasemisc.sty
Package: beamerbasemisc 2013/09/03  (rcs-revision a55719c41d85)
)
(/usr/local/texlive/2016/texmf-dist/tex/latex/beamer/beamerbasetwoscreens.sty
Package: beamerbasetwoscreens 2010/05/01  (rcs-revision efa082c6111d)
)
(/usr/local/texlive/2016/texmf-dist/tex/latex/beamer/beamerbaseoverlay.sty
Package: beamerbaseoverlay 2013/12/25  (rcs-revision f6bd5e3805da)
\beamer@argscount=\count125
\beamer@lastskipcover=\skip44
\beamer@trivlistdepth=\count126
)
(/usr/local/texlive/2016/texmf-dist/tex/latex/beamer/beamerbasetitle.sty
Package: beamerbasetitle 2010/09/21  (rcs-revision f0446ed0b6ae)
)
(/usr/local/texlive/2016/texmf-dist/tex/latex/beamer/beamerbasesection.sty
Package: beamerbasesection 2013/06/07  (rcs-revision 60b9fe0f342f)
\c@lecture=\count127
\c@part=\count128
\c@section=\count129
\c@subsection=\count130
\c@subsubsection=\count131
)
(/usr/local/texlive/2016/texmf-dist/tex/latex/beamer/beamerbaseframe.sty
Package: beamerbaseframe 2014/02/20  (rcs-revision 4b8ceeeff434)
\beamer@framebox=\box40
\beamer@frametitlebox=\box41
\beamer@zoombox=\box42
\beamer@zoomcount=\count132
\beamer@zoomframecount=\count133
\beamer@frametextheight=\dimen168
\c@subsectionslide=\count134
\beamer@frametopskip=\skip45
\beamer@framebottomskip=\skip46
\beamer@frametopskipautobreak=\skip47
\beamer@framebottomskipautobreak=\skip48
\beamer@envbody=\toks27
\framewidth=\dimen169
\c@framenumber=\count135
)
(/usr/local/texlive/2016/texmf-dist/tex/latex/beamer/beamerbaseverbatim.sty
Package: beamerbaseverbatim 2015/01/05  (rcs-revision 431510bb5890)
\beamer@verbatimfileout=\write4
)
(/usr/local/texlive/2016/texmf-dist/tex/latex/beamer/beamerbaseframesize.sty
Package: beamerbaseframesize 2011/09/12  (rcs-revision 70f9d8411e54)
\beamer@splitbox=\box43
\beamer@autobreakcount=\count136
\beamer@autobreaklastheight=\dimen170
\beamer@frametitletoks=\toks28
\beamer@framesubtitletoks=\toks29
)
(/usr/local/texlive/2016/texmf-dist/tex/latex/beamer/beamerbaseframecomponents.
sty
Package: beamerbaseframecomponents 2013/10/18  (rcs-revision 5cf6c5555a45)
\beamer@footins=\box44
) (/usr/local/texlive/2016/texmf-dist/tex/latex/beamer/beamerbasecolor.sty
Package: beamerbasecolor 2015/02/21  (rcs-revision d944b04ee2d5)
)
(/usr/local/texlive/2016/texmf-dist/tex/latex/beamer/beamerbasenotes.sty
Package: beamerbasenotes 2012/12/19  (rcs-revision 1686da3db3c9)
\beamer@frameboxcopy=\box45
)
(/usr/local/texlive/2016/texmf-dist/tex/latex/beamer/beamerbasetoc.sty
Package: beamerbasetoc 2015/03/08  (rcs-revision 7270298bbaae)
)
(/usr/local/texlive/2016/texmf-dist/tex/latex/beamer/beamerbasetemplates.sty
Package: beamerbasetemplates 2010/05/01  (rcs-revision efa082c6111d)
\beamer@sbttoks=\toks30

(/usr/local/texlive/2016/texmf-dist/tex/latex/beamer/beamerbaseauxtemplates.sty
Package: beamerbaseauxtemplates 2014/06/30  (rcs-revision 580088513a67)
(/usr/local/texlive/2016/texmf-dist/tex/latex/beamer/beamerbaseboxes.sty
Package: beamerbaseboxes 2012/05/13  (rcs-revision 56972908a390)
\bmb@box=\box46
\bmb@colorbox=\box47
\bmb@boxshadow=\box48
\bmb@boxshadowball=\box49
\bmb@boxshadowballlarge=\box50
\bmb@temp=\dimen171
\bmb@dima=\dimen172
\bmb@dimb=\dimen173
\bmb@prevheight=\dimen174
)
\beamer@blockheadheight=\dimen175
))
(/usr/local/texlive/2016/texmf-dist/tex/latex/beamer/beamerbaselocalstructure.s
ty
Package: beamerbaselocalstructure 2014/09/10  (rcs-revision 393f6dcff371)
 (/usr/local/texlive/2016/texmf-dist/tex/latex/tools/enumerate.sty
Package: enumerate 2015/07/23 v3.00 enumerate extensions (DPC)
\@enLab=\toks31
)
\c@figure=\count137
\c@table=\count138
\abovecaptionskip=\skip49
\belowcaptionskip=\skip50
)
(/usr/local/texlive/2016/texmf-dist/tex/latex/beamer/beamerbasenavigation.sty
Package: beamerbasenavigation 2015/02/27  (rcs-revision 923f4bf87efa)
\beamer@section@min@dim=\dimen176
)
(/usr/local/texlive/2016/texmf-dist/tex/latex/beamer/beamerbasetheorems.sty
Package: beamerbasetheorems 2010/06/06  (rcs-revision 7e7cc5e53e9d)

(/usr/local/texlive/2016/texmf-dist/tex/latex/amsmath/amsmath.sty
Package: amsmath 2016/03/10 v2.15b AMS math features
\@mathmargin=\skip51

For additional information on amsmath, use the `?' option.
(/usr/local/texlive/2016/texmf-dist/tex/latex/amsmath/amstext.sty
Package: amstext 2000/06/29 v2.01 AMS text

(/usr/local/texlive/2016/texmf-dist/tex/latex/amsmath/amsgen.sty
File: amsgen.sty 1999/11/30 v2.0 generic functions
\@emptytoks=\toks32
\ex@=\dimen177
))
(/usr/local/texlive/2016/texmf-dist/tex/latex/amsmath/amsbsy.sty
Package: amsbsy 1999/11/29 v1.2d Bold Symbols
\pmbraise@=\dimen178
)
(/usr/local/texlive/2016/texmf-dist/tex/latex/amsmath/amsopn.sty
Package: amsopn 2016/03/08 v2.02 operator names
)
\inf@bad=\count139
LaTeX Info: Redefining \frac on input line 199.
\uproot@=\count140
\leftroot@=\count141
LaTeX Info: Redefining \overline on input line 297.
\classnum@=\count142
\DOTSCASE@=\count143
LaTeX Info: Redefining \ldots on input line 394.
LaTeX Info: Redefining \dots on input line 397.
LaTeX Info: Redefining \cdots on input line 518.
\Mathstrutbox@=\box51
\strutbox@=\box52
\big@size=\dimen179
LaTeX Font Info:    Redeclaring font encoding OML on input line 634.
LaTeX Font Info:    Redeclaring font encoding OMS on input line 635.
\macc@depth=\count144
\c@MaxMatrixCols=\count145
\dotsspace@=\muskip11
\c@parentequation=\count146
\dspbrk@lvl=\count147
\tag@help=\toks33
\row@=\count148
\column@=\count149
\maxfields@=\count150
\andhelp@=\toks34
\eqnshift@=\dimen180
\alignsep@=\dimen181
\tagshift@=\dimen182
\tagwidth@=\dimen183
\totwidth@=\dimen184
\lineht@=\dimen185
\@envbody=\toks35
\multlinegap=\skip52
\multlinetaggap=\skip53
\mathdisplay@stack=\toks36
LaTeX Info: Redefining \[ on input line 2739.
LaTeX Info: Redefining \] on input line 2740.
)
(/usr/local/texlive/2016/texmf-dist/tex/latex/amscls/amsthm.sty
Package: amsthm 2015/03/04 v2.20.2
\thm@style=\toks37
\thm@bodyfont=\toks38
\thm@headfont=\toks39
\thm@notefont=\toks40
\thm@headpunct=\toks41
\thm@preskip=\skip54
\thm@postskip=\skip55
\thm@headsep=\skip56
\dth@everypar=\toks42
)
\c@theorem=\count151
)
(/usr/local/texlive/2016/texmf-dist/tex/latex/beamer/beamerbasethemes.sty
Package: beamerbasethemes 2010/05/01  (rcs-revision efa082c6111d)
))
(/usr/local/texlive/2016/texmf-dist/tex/latex/beamer/themes/theme/beamerthemede
fault.sty
Package: beamerthemedefault 2010/06/17  (rcs-revision d02a7cf4d8ae)

(/usr/local/texlive/2016/texmf-dist/tex/latex/beamer/themes/font/beamerfontthem
edefault.sty
Package: beamerfontthemedefault 2012/12/19  (rcs-revision 1686da3db3c9)
)
(/usr/local/texlive/2016/texmf-dist/tex/latex/beamer/themes/color/beamercolorth
emedefault.sty
Package: beamercolorthemedefault 2012/12/19  (rcs-revision 1686da3db3c9)
)
(/usr/local/texlive/2016/texmf-dist/tex/latex/beamer/themes/inner/beamerinnerth
emedefault.sty
Package: beamerinnerthemedefault 2014/06/30  (rcs-revision 580088513a67)
\beamer@dima=\dimen186
\beamer@dimb=\dimen187
)
(/usr/local/texlive/2016/texmf-dist/tex/latex/beamer/themes/outer/beamerouterth
emedefault.sty
Package: beamerouterthemedefault 2012/12/19  (rcs-revision 1686da3db3c9)
)))
(/usr/local/texlive/2016/texmf-dist/tex/latex/beamerposter/beamerposter.sty
Package: beamerposter 2015/04/21 v.1.12 latex-beamer poster extension

(/usr/local/texlive/2016/texmf-dist/tex/latex/xkeyval/xkeyval.sty
Package: xkeyval 2014/12/03 v2.7a package option processing (HA)

(/usr/local/texlive/2016/texmf-dist/tex/generic/xkeyval/xkeyval.tex
(/usr/local/texlive/2016/texmf-dist/tex/generic/xkeyval/xkvutils.tex
\XKV@toks=\toks43
\XKV@tempa@toks=\toks44
)
\XKV@depth=\count152
File: xkeyval.tex 2014/12/03 v2.7a key=value parser (HA)
))
(/usr/local/texlive/2016/texmf-dist/tex/latex/type1cm/type1cm.sty
Package: type1cm 2002/09/05 v0.04 BlueSky/Y&Y Type1 CM font definitions (DPC, p
atched RF)
)
(/usr/local/texlive/2016/texmf-dist/tex/latex/fp/fp.sty
Package: fp 1995/04/02

`Fixed Point Package', Version 0.8, April 2, 1995 (C) Michael Mehlich
(/usr/local/texlive/2016/texmf-dist/tex/latex/fp/defpattern.sty
Package: defpattern 1994/10/12
\actioncount=\count153
)
(/usr/local/texlive/2016/texmf-dist/tex/latex/fp/fp-basic.sty
Package: fp-basic 1996/05/13
\FP@xs=\count154
\FP@xia=\count155
\FP@xib=\count156
\FP@xfa=\count157
\FP@xfb=\count158
\FP@rega=\count159
\FP@regb=\count160
\FP@regs=\count161
\FP@times=\count162
)
(/usr/local/texlive/2016/texmf-dist/tex/latex/fp/fp-addons.sty
Package: fp-addons 1995/03/15
)
(/usr/local/texlive/2016/texmf-dist/tex/latex/fp/fp-snap.sty
Package: fp-snap 1995/04/05
)
(/usr/local/texlive/2016/texmf-dist/tex/latex/fp/fp-exp.sty
Package: fp-exp 1995/04/03
)
(/usr/local/texlive/2016/texmf-dist/tex/latex/fp/fp-trigo.sty
Package: fp-trigo 1995/04/14
)
(/usr/local/texlive/2016/texmf-dist/tex/latex/fp/fp-pas.sty
Package: fp-pas 1994/08/29
)
(/usr/local/texlive/2016/texmf-dist/tex/latex/fp/fp-random.sty
Package: fp-random 1995/02/23
\FPseed=\count163
)
(/usr/local/texlive/2016/texmf-dist/tex/latex/fp/fp-eqn.sty
Package: fp-eqn 1995/04/03
)
(/usr/local/texlive/2016/texmf-dist/tex/latex/fp/fp-upn.sty
Package: fp-upn 1996/10/21
)
(/usr/local/texlive/2016/texmf-dist/tex/latex/fp/fp-eval.sty
Package: fp-eval 1995/04/03
))
Package beamerposter Info: checking size input, please wait. on input line 128.

Package beamerposter Info: the input a0\ 1\ was correct, we proceed. on input l
ine 128.
Package beamerposter Info: finished size input check. on input line 128.
Package beamerposter Info: myfontscale=1.0 on input line 128.
Package beamerposter Info: checking orientation input, please wait. on input li
ne 129.
Package beamerposter Info: the input portrait\ 0\ was correct, we proceed. on i
nput line 129.
Package beamerposter Info: finished orientation check. on input line 129.
Package beamerposter Info: checking size input, please wait. on input line 129.

Package beamerposter Info: the input a0\ 1\ was correct, we proceed. on input l
ine 129.
Package beamerposter Info: finished size input check. on input line 129.
Package beamerposter Info: myfontscale=1.0 on input line 129.
 ( FP-UPN
( FP-MUL ) ( FP-ROUND ) )
\tmp=\dimen188
Package beamerposter Info: paperwidth=2388.89357pt, paperheight=3380.75665pt on
 input line 172.
Package beamerposter Info: textwidth=2360.44081pt, textwidth=3352.3039pt on inp
ut line 173.
Package beamerposter Info: fontscale=1.0, myfontscale=1.00 on input line 174.
 ( FP-UPN ( FP-MUL ) ( FP-ROUND ) ) ( FP-UPN ( FP-MUL
) ( FP-ROUND ) ) ( FP-UPN ( FP-MUL ) ( FP-ROUND ) ) ( FP-UPN ( FP-MUL )
( FP-ROUND ) ) ( FP-UPN ( FP-MUL ) ( FP-ROUND ) ) ( FP-UPN ( FP-MUL )
( FP-ROUND ) ) ( FP-UPN ( FP-MUL ) ( FP-ROUND ) ) ( FP-UPN ( FP-MUL )
( FP-ROUND ) ) ( FP-UPN ( FP-MUL ) ( FP-ROUND ) ) ( FP-UPN ( FP-MUL )
( FP-ROUND ) ) ( FP-UPN ( FP-MUL ) ( FP-ROUND ) ) ( FP-UPN ( FP-MUL )
( FP-ROUND ) ) ( FP-UPN ( FP-MUL ) ( FP-ROUND ) ) ( FP-UPN ( FP-MUL )
( FP-ROUND ) ) ( FP-UPN ( FP-MUL ) ( FP-ROUND ) ) ( FP-UPN ( FP-MUL )
( FP-ROUND ) ) ( FP-UPN ( FP-MUL ) ( FP-ROUND ) ) ( FP-UPN ( FP-MUL )
( FP-ROUND ) ) ( FP-UPN ( FP-MUL ) ( FP-ROUND ) ) ( FP-UPN ( FP-MUL )
( FP-ROUND ) ) ( FP-UPN ( FP-MUL ) ( FP-ROUND ) ) ( FP-UPN ( FP-MUL )
( FP-ROUND ) ) ( FP-UPN ( FP-MUL ) ( FP-ROUND ) ) ( FP-UPN ( FP-MUL )
( FP-ROUND ) ) ( FP-UPN ( FP-MUL ) ( FP-ROUND ) ) ( FP-UPN ( FP-MUL )
( FP-ROUND ) ) ( FP-UPN ( FP-MUL ) ( FP-ROUND ) ) ( FP-UPN ( FP-MUL )
( FP-ROUND ) ) ( FP-UPN ( FP-MUL ) ( FP-ROUND ) ) ( FP-UPN ( FP-MUL )
( FP-ROUND ) ) ( FP-UPN ( FP-MUL ) ( FP-ROUND ) ) ( FP-UPN ( FP-MUL )
( FP-ROUND ) )) (/usr/local/texlive/2016/texmf-dist/tex/generic/babel/babel.sty
Package: babel 2016/04/23 3.9r The Babel package
(/usr/local/texlive/2016/texmf-dist/tex/generic/babel-english/english.ldf
Language: english 2012/08/20 v3.3p English support from the babel system

(/usr/local/texlive/2016/texmf-dist/tex/generic/babel/babel.def
File: babel.def 2016/04/23 3.9r Babel common definitions
\babel@savecnt=\count164
\U@D=\dimen189
LaTeX Info: Redefining \textlatin on input line 1448.
)
\l@canadian = a dialect from \language\l@american 
\l@australian = a dialect from \language\l@british 
\l@newzealand = a dialect from \language\l@british 
))
(/usr/local/texlive/2016/texmf-dist/tex/latex/base/inputenc.sty
Package: inputenc 2015/03/17 v1.2c Input encoding file
\inpenc@prehook=\toks45
\inpenc@posthook=\toks46

(/usr/local/texlive/2016/texmf-dist/tex/latex/base/utf8.def
File: utf8.def 2016/02/28 v1.1s UTF-8 support for inputenc
Now handling font encoding OML ...
... no UTF-8 mapping file for font encoding OML
Now handling font encoding T1 ...
... processing UTF-8 mapping file for font encoding T1

(/usr/local/texlive/2016/texmf-dist/tex/latex/base/t1enc.dfu
File: t1enc.dfu 2016/02/28 v1.1s UTF-8 support for inputenc
   defining Unicode char U+00A0 (decimal 160)
   defining Unicode char U+00A1 (decimal 161)
   defining Unicode char U+00A3 (decimal 163)
   defining Unicode char U+00AB (decimal 171)
   defining Unicode char U+00AD (decimal 173)
   defining Unicode char U+00BB (decimal 187)
   defining Unicode char U+00BF (decimal 191)
   defining Unicode char U+00C0 (decimal 192)
   defining Unicode char U+00C1 (decimal 193)
   defining Unicode char U+00C2 (decimal 194)
   defining Unicode char U+00C3 (decimal 195)
   defining Unicode char U+00C4 (decimal 196)
   defining Unicode char U+00C5 (decimal 197)
   defining Unicode char U+00C6 (decimal 198)
   defining Unicode char U+00C7 (decimal 199)
   defining Unicode char U+00C8 (decimal 200)
   defining Unicode char U+00C9 (decimal 201)
   defining Unicode char U+00CA (decimal 202)
   defining Unicode char U+00CB (decimal 203)
   defining Unicode char U+00CC (decimal 204)
   defining Unicode char U+00CD (decimal 205)
   defining Unicode char U+00CE (decimal 206)
   defining Unicode char U+00CF (decimal 207)
   defining Unicode char U+00D0 (decimal 208)
   defining Unicode char U+00D1 (decimal 209)
   defining Unicode char U+00D2 (decimal 210)
   defining Unicode char U+00D3 (decimal 211)
   defining Unicode char U+00D4 (decimal 212)
   defining Unicode char U+00D5 (decimal 213)
   defining Unicode char U+00D6 (decimal 214)
   defining Unicode char U+00D8 (decimal 216)
   defining Unicode char U+00D9 (decimal 217)
   defining Unicode char U+00DA (decimal 218)
   defining Unicode char U+00DB (decimal 219)
   defining Unicode char U+00DC (decimal 220)
   defining Unicode char U+00DD (decimal 221)
   defining Unicode char U+00DE (decimal 222)
   defining Unicode char U+00DF (decimal 223)
   defining Unicode char U+00E0 (decimal 224)
   defining Unicode char U+00E1 (decimal 225)
   defining Unicode char U+00E2 (decimal 226)
   defining Unicode char U+00E3 (decimal 227)
   defining Unicode char U+00E4 (decimal 228)
   defining Unicode char U+00E5 (decimal 229)
   defining Unicode char U+00E6 (decimal 230)
   defining Unicode char U+00E7 (decimal 231)
   defining Unicode char U+00E8 (decimal 232)
   defining Unicode char U+00E9 (decimal 233)
   defining Unicode char U+00EA (decimal 234)
   defining Unicode char U+00EB (decimal 235)
   defining Unicode char U+00EC (decimal 236)
   defining Unicode char U+00ED (decimal 237)
   defining Unicode char U+00EE (decimal 238)
   defining Unicode char U+00EF (decimal 239)
   defining Unicode char U+00F0 (decimal 240)
   defining Unicode char U+00F1 (decimal 241)
   defining Unicode char U+00F2 (decimal 242)
   defining Unicode char U+00F3 (decimal 243)
   defining Unicode char U+00F4 (decimal 244)
   defining Unicode char U+00F5 (decimal 245)
   defining Unicode char U+00F6 (decimal 246)
   defining Unicode char U+00F8 (decimal 248)
   defining Unicode char U+00F9 (decimal 249)
   defining Unicode char U+00FA (decimal 250)
   defining Unicode char U+00FB (decimal 251)
   defining Unicode char U+00FC (decimal 252)
   defining Unicode char U+00FD (decimal 253)
   defining Unicode char U+00FE (decimal 254)
   defining Unicode char U+00FF (decimal 255)
   defining Unicode char U+0100 (decimal 256)
   defining Unicode char U+0101 (decimal 257)
   defining Unicode char U+0102 (decimal 258)
   defining Unicode char U+0103 (decimal 259)
   defining Unicode char U+0104 (decimal 260)
   defining Unicode char U+0105 (decimal 261)
   defining Unicode char U+0106 (decimal 262)
   defining Unicode char U+0107 (decimal 263)
   defining Unicode char U+0108 (decimal 264)
   defining Unicode char U+0109 (decimal 265)
   defining Unicode char U+010A (decimal 266)
   defining Unicode char U+010B (decimal 267)
   defining Unicode char U+010C (decimal 268)
   defining Unicode char U+010D (decimal 269)
   defining Unicode char U+010E (decimal 270)
   defining Unicode char U+010F (decimal 271)
   defining Unicode char U+0110 (decimal 272)
   defining Unicode char U+0111 (decimal 273)
   defining Unicode char U+0112 (decimal 274)
   defining Unicode char U+0113 (decimal 275)
   defining Unicode char U+0114 (decimal 276)
   defining Unicode char U+0115 (decimal 277)
   defining Unicode char U+0116 (decimal 278)
   defining Unicode char U+0117 (decimal 279)
   defining Unicode char U+0118 (decimal 280)
   defining Unicode char U+0119 (decimal 281)
   defining Unicode char U+011A (decimal 282)
   defining Unicode char U+011B (decimal 283)
   defining Unicode char U+011C (decimal 284)
   defining Unicode char U+011D (decimal 285)
   defining Unicode char U+011E (decimal 286)
   defining Unicode char U+011F (decimal 287)
   defining Unicode char U+0120 (decimal 288)
   defining Unicode char U+0121 (decimal 289)
   defining Unicode char U+0122 (decimal 290)
   defining Unicode char U+0123 (decimal 291)
   defining Unicode char U+0124 (decimal 292)
   defining Unicode char U+0125 (decimal 293)
   defining Unicode char U+0128 (decimal 296)
   defining Unicode char U+0129 (decimal 297)
   defining Unicode char U+012A (decimal 298)
   defining Unicode char U+012B (decimal 299)
   defining Unicode char U+012C (decimal 300)
   defining Unicode char U+012D (decimal 301)
   defining Unicode char U+012E (decimal 302)
   defining Unicode char U+012F (decimal 303)
   defining Unicode char U+0130 (decimal 304)
   defining Unicode char U+0131 (decimal 305)
   defining Unicode char U+0132 (decimal 306)
   defining Unicode char U+0133 (decimal 307)
   defining Unicode char U+0134 (decimal 308)
   defining Unicode char U+0135 (decimal 309)
   defining Unicode char U+0136 (decimal 310)
   defining Unicode char U+0137 (decimal 311)
   defining Unicode char U+0139 (decimal 313)
   defining Unicode char U+013A (decimal 314)
   defining Unicode char U+013B (decimal 315)
   defining Unicode char U+013C (decimal 316)
   defining Unicode char U+013D (decimal 317)
   defining Unicode char U+013E (decimal 318)
   defining Unicode char U+0141 (decimal 321)
   defining Unicode char U+0142 (decimal 322)
   defining Unicode char U+0143 (decimal 323)
   defining Unicode char U+0144 (decimal 324)
   defining Unicode char U+0145 (decimal 325)
   defining Unicode char U+0146 (decimal 326)
   defining Unicode char U+0147 (decimal 327)
   defining Unicode char U+0148 (decimal 328)
   defining Unicode char U+014A (decimal 330)
   defining Unicode char U+014B (decimal 331)
   defining Unicode char U+014C (decimal 332)
   defining Unicode char U+014D (decimal 333)
   defining Unicode char U+014E (decimal 334)
   defining Unicode char U+014F (decimal 335)
   defining Unicode char U+0150 (decimal 336)
   defining Unicode char U+0151 (decimal 337)
   defining Unicode char U+0152 (decimal 338)
   defining Unicode char U+0153 (decimal 339)
   defining Unicode char U+0154 (decimal 340)
   defining Unicode char U+0155 (decimal 341)
   defining Unicode char U+0156 (decimal 342)
   defining Unicode char U+0157 (decimal 343)
   defining Unicode char U+0158 (decimal 344)
   defining Unicode char U+0159 (decimal 345)
   defining Unicode char U+015A (decimal 346)
   defining Unicode char U+015B (decimal 347)
   defining Unicode char U+015C (decimal 348)
   defining Unicode char U+015D (decimal 349)
   defining Unicode char U+015E (decimal 350)
   defining Unicode char U+015F (decimal 351)
   defining Unicode char U+0160 (decimal 352)
   defining Unicode char U+0161 (decimal 353)
   defining Unicode char U+0162 (decimal 354)
   defining Unicode char U+0163 (decimal 355)
   defining Unicode char U+0164 (decimal 356)
   defining Unicode char U+0165 (decimal 357)
   defining Unicode char U+0168 (decimal 360)
   defining Unicode char U+0169 (decimal 361)
   defining Unicode char U+016A (decimal 362)
   defining Unicode char U+016B (decimal 363)
   defining Unicode char U+016C (decimal 364)
   defining Unicode char U+016D (decimal 365)
   defining Unicode char U+016E (decimal 366)
   defining Unicode char U+016F (decimal 367)
   defining Unicode char U+0170 (decimal 368)
   defining Unicode char U+0171 (decimal 369)
   defining Unicode char U+0172 (decimal 370)
   defining Unicode char U+0173 (decimal 371)
   defining Unicode char U+0174 (decimal 372)
   defining Unicode char U+0175 (decimal 373)
   defining Unicode char U+0176 (decimal 374)
   defining Unicode char U+0177 (decimal 375)
   defining Unicode char U+0178 (decimal 376)
   defining Unicode char U+0179 (decimal 377)
   defining Unicode char U+017A (decimal 378)
   defining Unicode char U+017B (decimal 379)
   defining Unicode char U+017C (decimal 380)
   defining Unicode char U+017D (decimal 381)
   defining Unicode char U+017E (decimal 382)
   defining Unicode char U+01CD (decimal 461)
   defining Unicode char U+01CE (decimal 462)
   defining Unicode char U+01CF (decimal 463)
   defining Unicode char U+01D0 (decimal 464)
   defining Unicode char U+01D1 (decimal 465)
   defining Unicode char U+01D2 (decimal 466)
   defining Unicode char U+01D3 (decimal 467)
   defining Unicode char U+01D4 (decimal 468)
   defining Unicode char U+01E2 (decimal 482)
   defining Unicode char U+01E3 (decimal 483)
   defining Unicode char U+01E6 (decimal 486)
   defining Unicode char U+01E7 (decimal 487)
   defining Unicode char U+01E8 (decimal 488)
   defining Unicode char U+01E9 (decimal 489)
   defining Unicode char U+01EA (decimal 490)
   defining Unicode char U+01EB (decimal 491)
   defining Unicode char U+01F0 (decimal 496)
   defining Unicode char U+01F4 (decimal 500)
   defining Unicode char U+01F5 (decimal 501)
   defining Unicode char U+0218 (decimal 536)
   defining Unicode char U+0219 (decimal 537)
   defining Unicode char U+021A (decimal 538)
   defining Unicode char U+021B (decimal 539)
   defining Unicode char U+1E02 (decimal 7682)
   defining Unicode char U+1E03 (decimal 7683)
   defining Unicode char U+200C (decimal 8204)
   defining Unicode char U+2010 (decimal 8208)
   defining Unicode char U+2011 (decimal 8209)
   defining Unicode char U+2012 (decimal 8210)
   defining Unicode char U+2013 (decimal 8211)
   defining Unicode char U+2014 (decimal 8212)
   defining Unicode char U+2015 (decimal 8213)
   defining Unicode char U+2018 (decimal 8216)
   defining Unicode char U+2019 (decimal 8217)
   defining Unicode char U+201A (decimal 8218)
   defining Unicode char U+201C (decimal 8220)
   defining Unicode char U+201D (decimal 8221)
   defining Unicode char U+201E (decimal 8222)
   defining Unicode char U+2030 (decimal 8240)
   defining Unicode char U+2031 (decimal 8241)
   defining Unicode char U+2039 (decimal 8249)
   defining Unicode char U+203A (decimal 8250)
   defining Unicode char U+2423 (decimal 9251)
)
Now handling font encoding OT1 ...
... processing UTF-8 mapping file for font encoding OT1

(/usr/local/texlive/2016/texmf-dist/tex/latex/base/ot1enc.dfu
File: ot1enc.dfu 2016/02/28 v1.1s UTF-8 support for inputenc
   defining Unicode char U+00A0 (decimal 160)
   defining Unicode char U+00A1 (decimal 161)
   defining Unicode char U+00A3 (decimal 163)
   defining Unicode char U+00AD (decimal 173)
   defining Unicode char U+00B8 (decimal 184)
   defining Unicode char U+00BF (decimal 191)
   defining Unicode char U+00C5 (decimal 197)
   defining Unicode char U+00C6 (decimal 198)
   defining Unicode char U+00D8 (decimal 216)
   defining Unicode char U+00DF (decimal 223)
   defining Unicode char U+00E6 (decimal 230)
   defining Unicode char U+00EC (decimal 236)
   defining Unicode char U+00ED (decimal 237)
   defining Unicode char U+00EE (decimal 238)
   defining Unicode char U+00EF (decimal 239)
   defining Unicode char U+00F8 (decimal 248)
   defining Unicode char U+0131 (decimal 305)
   defining Unicode char U+0141 (decimal 321)
   defining Unicode char U+0142 (decimal 322)
   defining Unicode char U+0152 (decimal 338)
   defining Unicode char U+0153 (decimal 339)
   defining Unicode char U+0174 (decimal 372)
   defining Unicode char U+0175 (decimal 373)
   defining Unicode char U+0176 (decimal 374)
   defining Unicode char U+0177 (decimal 375)
   defining Unicode char U+0218 (decimal 536)
   defining Unicode char U+0219 (decimal 537)
   defining Unicode char U+021A (decimal 538)
   defining Unicode char U+021B (decimal 539)
   defining Unicode char U+2013 (decimal 8211)
   defining Unicode char U+2014 (decimal 8212)
   defining Unicode char U+2018 (decimal 8216)
   defining Unicode char U+2019 (decimal 8217)
   defining Unicode char U+201C (decimal 8220)
   defining Unicode char U+201D (decimal 8221)
)
Now handling font encoding OMS ...
... processing UTF-8 mapping file for font encoding OMS

(/usr/local/texlive/2016/texmf-dist/tex/latex/base/omsenc.dfu
File: omsenc.dfu 2016/02/28 v1.1s UTF-8 support for inputenc
   defining Unicode char U+00A7 (decimal 167)
   defining Unicode char U+00B6 (decimal 182)
   defining Unicode char U+00B7 (decimal 183)
   defining Unicode char U+2020 (decimal 8224)
   defining Unicode char U+2021 (decimal 8225)
   defining Unicode char U+2022 (decimal 8226)
)
Now handling font encoding OMX ...
... no UTF-8 mapping file for font encoding OMX
Now handling font encoding U ...
... no UTF-8 mapping file for font encoding U
Now handling font encoding PD1 ...
... no UTF-8 mapping file for font encoding PD1
   defining Unicode char U+00A9 (decimal 169)
   defining Unicode char U+00AA (decimal 170)
   defining Unicode char U+00AE (decimal 174)
   defining Unicode char U+00BA (decimal 186)
   defining Unicode char U+02C6 (decimal 710)
   defining Unicode char U+02DC (decimal 732)
   defining Unicode char U+200C (decimal 8204)
   defining Unicode char U+2026 (decimal 8230)
   defining Unicode char U+2122 (decimal 8482)
   defining Unicode char U+2423 (decimal 9251)
))
(/usr/local/texlive/2016/texmf-dist/tex/latex/textpos/textpos.sty
Package: textpos 2014/01/03 v1.7j

Package: textpos 2014/01/03 1.7j, absolute positioning of text on the page
\TP@textbox=\box53
\TP@holdbox=\box54
\TPHorizModule=\dimen190
\TPVertModule=\dimen191
\TP@margin=\dimen192
\TP@absmargin=\dimen193
Grid set 16 x 16 = 149.30585pt x 211.29729pt
\TPboxrulesize=\dimen194
\TP@ox=\dimen195
\TP@oy=\dimen196
\TP@tbargs=\toks47
\TP@prevdepth=\dimen197
TextBlockOrigin set to 0pt x 0pt
) (/usr/local/texlive/2016/texmf-dist/tex/latex/pgf/frontendlayer/tikz.sty
(/usr/local/texlive/2016/texmf-dist/tex/latex/pgf/basiclayer/pgf.sty
Package: pgf 2015/08/07 v3.0.1a (rcs-revision 1.15)

(/usr/local/texlive/2016/texmf-dist/tex/generic/pgf/modules/pgfmoduleshapes.cod
e.tex
File: pgfmoduleshapes.code.tex 2014/03/21  (rcs-revision 1.35)
\pgfnodeparttextbox=\box55
)
(/usr/local/texlive/2016/texmf-dist/tex/generic/pgf/modules/pgfmoduleplot.code.
tex
File: pgfmoduleplot.code.tex 2015/08/03  (rcs-revision 1.13)
)
(/usr/local/texlive/2016/texmf-dist/tex/latex/pgf/compatibility/pgfcomp-version
-0-65.sty
Package: pgfcomp-version-0-65 2007/07/03 v3.0.1a (rcs-revision 1.7)
\pgf@nodesepstart=\dimen198
\pgf@nodesepend=\dimen199
)
(/usr/local/texlive/2016/texmf-dist/tex/latex/pgf/compatibility/pgfcomp-version
-1-18.sty
Package: pgfcomp-version-1-18 2007/07/23 v3.0.1a (rcs-revision 1.1)
))
(/usr/local/texlive/2016/texmf-dist/tex/latex/pgf/utilities/pgffor.sty
(/usr/local/texlive/2016/texmf-dist/tex/latex/pgf/utilities/pgfkeys.sty
(/usr/local/texlive/2016/texmf-dist/tex/generic/pgf/utilities/pgfkeys.code.tex)
) (/usr/local/texlive/2016/texmf-dist/tex/latex/pgf/math/pgfmath.sty
(/usr/local/texlive/2016/texmf-dist/tex/generic/pgf/math/pgfmath.code.tex))
(/usr/local/texlive/2016/texmf-dist/tex/generic/pgf/utilities/pgffor.code.tex
Package: pgffor 2013/12/13 v3.0.1a (rcs-revision 1.25)

(/usr/local/texlive/2016/texmf-dist/tex/generic/pgf/math/pgfmath.code.tex)
\pgffor@iter=\dimen256
\pgffor@skip=\dimen257
\pgffor@stack=\toks48
\pgffor@toks=\toks49
))
(/usr/local/texlive/2016/texmf-dist/tex/generic/pgf/frontendlayer/tikz/tikz.cod
e.tex
Package: tikz 2015/08/07 v3.0.1a (rcs-revision 1.151)

(/usr/local/texlive/2016/texmf-dist/tex/generic/pgf/libraries/pgflibraryplothan
dlers.code.tex
File: pgflibraryplothandlers.code.tex 2013/08/31 v3.0.1a (rcs-revision 1.20)
\pgf@plot@mark@count=\count165
\pgfplotmarksize=\dimen258
)
\tikz@lastx=\dimen259
\tikz@lasty=\dimen260
\tikz@lastxsaved=\dimen261
\tikz@lastysaved=\dimen262
\tikzleveldistance=\dimen263
\tikzsiblingdistance=\dimen264
\tikz@figbox=\box56
\tikz@figbox@bg=\box57
\tikz@tempbox=\box58
\tikz@tempbox@bg=\box59
\tikztreelevel=\count166
\tikznumberofchildren=\count167
\tikznumberofcurrentchild=\count168
\tikz@fig@count=\count169

(/usr/local/texlive/2016/texmf-dist/tex/generic/pgf/modules/pgfmodulematrix.cod
e.tex
File: pgfmodulematrix.code.tex 2013/09/17  (rcs-revision 1.8)
\pgfmatrixcurrentrow=\count170
\pgfmatrixcurrentcolumn=\count171
\pgf@matrix@numberofcolumns=\count172
)
\tikz@expandcount=\count173

(/usr/local/texlive/2016/texmf-dist/tex/generic/pgf/frontendlayer/tikz/librarie
s/tikzlibrarytopaths.code.tex
File: tikzlibrarytopaths.code.tex 2008/06/17 v3.0.1a (rcs-revision 1.2)
)))
(/usr/local/texlive/2016/texmf-dist/tex/generic/pgf/frontendlayer/tikz/librarie
s/tikzlibraryshapes.code.tex
File: tikzlibraryshapes.code.tex 2008/01/09 v3.0.1a (rcs-revision 1.1)

(/usr/local/texlive/2016/texmf-dist/tex/generic/pgf/frontendlayer/tikz/librarie
s/tikzlibraryshapes.geometric.code.tex
File: tikzlibraryshapes.geometric.code.tex 2008/01/09 v3.0.1a (rcs-revision 1.1
)

(/usr/local/texlive/2016/texmf-dist/tex/generic/pgf/libraries/shapes/pgflibrary
shapes.geometric.code.tex
File: pgflibraryshapes.geometric.code.tex 2008/06/26 v3.0.1a (rcs-revision 1.1)

))
(/usr/local/texlive/2016/texmf-dist/tex/generic/pgf/frontendlayer/tikz/librarie
s/tikzlibraryshapes.misc.code.tex
File: tikzlibraryshapes.misc.code.tex 2008/01/09 v3.0.1a (rcs-revision 1.1)

(/usr/local/texlive/2016/texmf-dist/tex/generic/pgf/libraries/shapes/pgflibrary
shapes.misc.code.tex
File: pgflibraryshapes.misc.code.tex 2013/07/18 v3.0.1a (rcs-revision 1.5)
))
(/usr/local/texlive/2016/texmf-dist/tex/generic/pgf/frontendlayer/tikz/librarie
s/tikzlibraryshapes.symbols.code.tex
File: tikzlibraryshapes.symbols.code.tex 2008/01/09 v3.0.1a (rcs-revision 1.1)

(/usr/local/texlive/2016/texmf-dist/tex/generic/pgf/libraries/shapes/pgflibrary
shapes.symbols.code.tex
File: pgflibraryshapes.symbols.code.tex 2013/09/11 v3.0.1a (rcs-revision 1.6)
))
(/usr/local/texlive/2016/texmf-dist/tex/generic/pgf/frontendlayer/tikz/librarie
s/tikzlibraryshapes.arrows.code.tex
File: tikzlibraryshapes.arrows.code.tex 2008/01/09 v3.0.1a (rcs-revision 1.1)

(/usr/local/texlive/2016/texmf-dist/tex/generic/pgf/libraries/shapes/pgflibrary
shapes.arrows.code.tex
File: pgflibraryshapes.arrows.code.tex 2008/06/26 v3.0.1a (rcs-revision 1.1)
))
(/usr/local/texlive/2016/texmf-dist/tex/generic/pgf/frontendlayer/tikz/librarie
s/tikzlibraryshapes.callouts.code.tex
(/usr/local/texlive/2016/texmf-dist/tex/generic/pgf/libraries/shapes/pgflibrary
shapes.callouts.code.tex))
(/usr/local/texlive/2016/texmf-dist/tex/generic/pgf/frontendlayer/tikz/librarie
s/tikzlibraryshapes.multipart.code.tex
File: tikzlibraryshapes.multipart.code.tex 2008/01/09 v3.0.1a (rcs-revision 1.1
)

(/usr/local/texlive/2016/texmf-dist/tex/generic/pgf/libraries/shapes/pgflibrary
shapes.multipart.code.tex
File: pgflibraryshapes.multipart.code.tex 2010/01/07 v3.0.1a (rcs-revision 1.2)

\pgfnodepartlowerbox=\box60
\pgfnodeparttwobox=\box61
\pgfnodepartthreebox=\box62
\pgfnodepartfourbox=\box63
\pgfnodeparttwentybox=\box64
\pgfnodepartnineteenbox=\box65
\pgfnodeparteighteenbox=\box66
\pgfnodepartseventeenbox=\box67
\pgfnodepartsixteenbox=\box68
\pgfnodepartfifteenbox=\box69
\pgfnodepartfourteenbox=\box70
\pgfnodepartthirteenbox=\box71
\pgfnodeparttwelvebox=\box72
\pgfnodepartelevenbox=\box73
\pgfnodeparttenbox=\box74
\pgfnodepartninebox=\box75
\pgfnodeparteightbox=\box76
\pgfnodepartsevenbox=\box77
\pgfnodepartsixbox=\box78
\pgfnodepartfivebox=\box79
)))
(/usr/local/texlive/2016/texmf-dist/tex/generic/pgf/frontendlayer/tikz/librarie
s/tikzlibrarysnakes.code.tex
File: tikzlibrarysnakes.code.tex 2013/07/15 v3.0.1a (rcs-revision 1.7)


Package pgf Warning: Snakes have been superseded by decorations. Please use the
 decoration libraries instead of the snakes library on input line 14.


(/usr/local/texlive/2016/texmf-dist/tex/generic/pgf/frontendlayer/tikz/librarie
s/tikzlibrarydecorations.pathmorphing.code.tex
(/usr/local/texlive/2016/texmf-dist/tex/generic/pgf/frontendlayer/tikz/librarie
s/tikzlibrarydecorations.code.tex
(/usr/local/texlive/2016/texmf-dist/tex/generic/pgf/modules/pgfmoduledecoration
s.code.tex
\pgfdecoratedcompleteddistance=\dimen265
\pgfdecoratedremainingdistance=\dimen266
\pgfdecoratedinputsegmentcompleteddistance=\dimen267
\pgfdecoratedinputsegmentremainingdistance=\dimen268
\pgf@decorate@distancetomove=\dimen269
\pgf@decorate@repeatstate=\count174
\pgfdecorationsegmentamplitude=\dimen270
\pgfdecorationsegmentlength=\dimen271
)
\tikz@lib@dec@box=\box80
)
(/usr/local/texlive/2016/texmf-dist/tex/generic/pgf/libraries/decorations/pgfli
brarydecorations.pathmorphing.code.tex))
(/usr/local/texlive/2016/texmf-dist/tex/generic/pgf/frontendlayer/tikz/librarie
s/tikzlibrarydecorations.pathreplacing.code.tex
(/usr/local/texlive/2016/texmf-dist/tex/generic/pgf/libraries/decorations/pgfli
brarydecorations.pathreplacing.code.tex))
(/usr/local/texlive/2016/texmf-dist/tex/generic/pgf/frontendlayer/tikz/librarie
s/tikzlibrarydecorations.shapes.code.tex
(/usr/local/texlive/2016/texmf-dist/tex/generic/pgf/libraries/decorations/pgfli
brarydecorations.shapes.code.tex)))
(/usr/local/texlive/2016/texmf-dist/tex/latex/tcolorbox/tcolorbox.sty
Package: tcolorbox 2016/04/27 version 3.91 text color boxes

(/usr/local/texlive/2016/texmf-dist/tex/latex/tools/verbatim.sty
Package: verbatim 2014/10/28 v1.5q LaTeX2e package for verbatim enhancements
\every@verbatim=\toks50
\verbatim@line=\toks51
\verbatim@in@stream=\read2
)
(/usr/local/texlive/2016/texmf-dist/tex/latex/environ/environ.sty
Package: environ 2014/05/04 v0.3 A new way to define environments

(/usr/local/texlive/2016/texmf-dist/tex/latex/trimspaces/trimspaces.sty
Package: trimspaces 2009/09/17 v1.1 Trim spaces around a token list
))
(/usr/local/texlive/2016/texmf-dist/tex/latex/etoolbox/etoolbox.sty
Package: etoolbox 2015/08/02 v2.2a e-TeX tools for LaTeX (JAW)
\etb@tempcnta=\count175
)
\tcb@titlebox=\box81
\tcb@upperbox=\box82
\tcb@lowerbox=\box83
\tcb@phantombox=\box84
\c@tcbbreakpart=\count176
\c@tcblayer=\count177
\tcolorbox@number=\count178
\tcb@temp=\box85
\tcb@temp=\box86
\tcb@temp=\box87
\tcb@temp=\box88
\tcb@out=\write5
\tcb@record@out=\write6
)
(/usr/local/texlive/2016/texmf-dist/tex/latex/base/latexsym.sty
Package: latexsym 1998/08/17 v2.2e Standard LaTeX package (lasy symbols)
\symlasy=\mathgroup6
LaTeX Font Info:    Overwriting symbol font `lasy' in version `bold'
(Font)                  U/lasy/m/n --> U/lasy/b/n on input line 52.
)
(/usr/local/texlive/2016/texmf-dist/tex/latex/psnfss/helvet.sty
Package: helvet 2005/04/12 PSNFSS-v9.2a (WaS) 
)
(/usr/local/texlive/2016/texmf-dist/tex/latex/natbib/natbib.sty
Package: natbib 2010/09/13 8.31b (PWD, AO)
\bibhang=\skip57
\bibsep=\skip58
LaTeX Info: Redefining \cite on input line 694.
\c@NAT@ctr=\count179
)
(/usr/local/texlive/2016/texmf-dist/tex/latex/filecontents/filecontents.sty
Package: filecontents 2011/10/08 v1.3 Create an external file from within a LaT
eX document
)

LaTeX Warning: Overwriting file `./posterrefs.bib'.

\openout15 = `posterrefs.bib'.


LaTeX Warning: Tab has been converted to Blank Space.


(/usr/local/texlive/2016/texmf-dist/tex/latex/booktabs/booktabs.sty
Package: booktabs 2016/04/27 v1.618033 publication quality tables
\heavyrulewidth=\dimen272
\lightrulewidth=\dimen273
\cmidrulewidth=\dimen274
\belowrulesep=\dimen275
\belowbottomsep=\dimen276
\aboverulesep=\dimen277
\abovetopsep=\dimen278
\cmidrulesep=\dimen279
\cmidrulekern=\dimen280
\defaultaddspace=\dimen281
\@cmidla=\count180
\@cmidlb=\count181
\@aboverulesep=\dimen282
\@belowrulesep=\dimen283
\@thisruleclass=\count182
\@lastruleclass=\count183
\@thisrulewidth=\dimen284
)
(./poster.aux)
\openout1 = `poster.aux'.

LaTeX Font Info:    Checking defaults for OML/cmm/m/it on input line 361.
LaTeX Font Info:    ... okay on input line 361.
LaTeX Font Info:    Checking defaults for T1/cmr/m/n on input line 361.
LaTeX Font Info:    ... okay on input line 361.
LaTeX Font Info:    Checking defaults for OT1/cmr/m/n on input line 361.
LaTeX Font Info:    ... okay on input line 361.
LaTeX Font Info:    Checking defaults for OMS/cmsy/m/n on input line 361.
LaTeX Font Info:    ... okay on input line 361.
LaTeX Font Info:    Checking defaults for OMX/cmex/m/n on input line 361.
LaTeX Font Info:    ... okay on input line 361.
LaTeX Font Info:    Checking defaults for U/cmr/m/n on input line 361.
LaTeX Font Info:    ... okay on input line 361.
LaTeX Font Info:    Checking defaults for PD1/pdf/m/n on input line 361.
LaTeX Font Info:    ... okay on input line 361.
LaTeX Font Info:    Try loading font information for OT1+phv on input line 361.

 (/usr/local/texlive/2016/texmf-dist/tex/latex/psnfss/ot1phv.fd
File: ot1phv.fd 2001/06/04 scalable font definitions for OT1/phv.
)
*geometry* driver: auto-detecting
*geometry* detected driver: pdftex
*geometry* verbose mode - [ preamble ] result:
* driver: pdftex
* paper: custom
* layout: <same size as paper>
* layoutoffset:(h,v)=(0.0pt,0.0pt)
* modes: includehead includefoot 
* h-part:(L,W,R)=(28.45274pt, 2331.98808pt, 28.45274pt)
* v-part:(T,H,B)=(0.0pt, 3380.75665pt, 0.0pt)
* \paperwidth=2388.89357pt
* \paperheight=3380.75665pt
* \textwidth=2331.98808pt
* \textheight=3352.30392pt
* \oddsidemargin=-43.81725pt
* \evensidemargin=-43.81725pt
* \topmargin=-72.26999pt
* \headheight=14.22636pt
* \headsep=0.0pt
* \topskip=11.0pt
* \footskip=14.22636pt
* \marginparwidth=4.0pt
* \marginparsep=10.0pt
* \columnsep=10.0pt
* \skip\footins=10.0pt plus 4.0pt minus 2.0pt
* \hoffset=0.0pt
* \voffset=0.0pt
* \mag=1000
* \@twocolumnfalse
* \@twosidefalse
* \@mparswitchfalse
* \@reversemarginfalse
* (1in=72.27pt=25.4mm, 1cm=28.453pt)

(/usr/local/texlive/2016/texmf-dist/tex/context/base/mkii/supp-pdf.mkii
[Loading MPS to PDF converter (version 2006.09.02).]
\scratchcounter=\count184
\scratchdimen=\dimen285
\scratchbox=\box89
\nofMPsegments=\count185
\nofMParguments=\count186
\everyMPshowfont=\toks52
\MPscratchCnt=\count187
\MPscratchDim=\dimen286
\MPnumerator=\count188
\makeMPintoPDFobject=\count189
\everyMPtoPDFconversion=\toks53
) (/usr/local/texlive/2016/texmf-dist/tex/latex/oberdiek/epstopdf-base.sty
Package: epstopdf-base 2016/05/15 v2.6 Base part for package epstopdf

(/usr/local/texlive/2016/texmf-dist/tex/latex/oberdiek/grfext.sty
Package: grfext 2016/05/16 v1.2 Manage graphics extensions (HO)
)
Package grfext Info: Graphics extension search list:
(grfext)             [.png,.pdf,.jpg,.mps,.jpeg,.jbig2,.jb2,.PNG,.PDF,.JPG,.JPE
G,.JBIG2,.JB2,.eps]
(grfext)             \AppendGraphicsExtensions on input line 456.

(/usr/local/texlive/2016/texmf-dist/tex/latex/latexconfig/epstopdf-sys.cfg
File: epstopdf-sys.cfg 2010/07/13 v1.3 Configuration of (r)epstopdf for TeX Liv
e
))
ABD: EveryShipout initializing macros
\AtBeginShipoutBox=\box90
Package hyperref Info: Link coloring OFF on input line 361.

(/usr/local/texlive/2016/texmf-dist/tex/latex/hyperref/nameref.sty
Package: nameref 2012/10/27 v2.43 Cross-referencing by name of section

(/usr/local/texlive/2016/texmf-dist/tex/generic/oberdiek/gettitlestring.sty
Package: gettitlestring 2016/05/16 v1.5 Cleanup title references (HO)
)
\c@section@level=\count190
)
LaTeX Info: Redefining \ref on input line 361.
LaTeX Info: Redefining \pageref on input line 361.
LaTeX Info: Redefining \nameref on input line 361.

(./poster.out) (./poster.out)
\@outlinefile=\write7
\openout7 = `poster.out'.

LaTeX Font Info:    Overwriting symbol font `operators' in version `normal'
(Font)                  OT1/cmr/m/n --> OT1/cmss/m/n on input line 361.
LaTeX Font Info:    Overwriting symbol font `operators' in version `bold'
(Font)                  OT1/cmr/bx/n --> OT1/cmss/bx/n on input line 361.
\symnumbers=\mathgroup7
\sympureletters=\mathgroup8
LaTeX Font Info:    Overwriting math alphabet `\mathrm' in version `normal'
(Font)                  OT1/cmss/m/n --> OT1/cmr/m/n on input line 361.
LaTeX Font Info:    Redeclaring math alphabet \mathbf on input line 361.
LaTeX Font Info:    Overwriting math alphabet `\mathbf' in version `normal'
(Font)                  OT1/cmr/bx/n --> OT1/phv/bx/n on input line 361.
LaTeX Font Info:    Overwriting math alphabet `\mathbf' in version `bold'
(Font)                  OT1/cmr/bx/n --> OT1/phv/bx/n on input line 361.
LaTeX Font Info:    Redeclaring math alphabet \mathsf on input line 361.
LaTeX Font Info:    Overwriting math alphabet `\mathsf' in version `normal'
(Font)                  OT1/cmss/m/n --> OT1/phv/m/n on input line 361.
LaTeX Font Info:    Overwriting math alphabet `\mathsf' in version `bold'
(Font)                  OT1/cmss/bx/n --> OT1/phv/m/n on input line 361.
LaTeX Font Info:    Redeclaring math alphabet \mathit on input line 361.
LaTeX Font Info:    Overwriting math alphabet `\mathit' in version `normal'
(Font)                  OT1/cmr/m/it --> OT1/phv/m/it on input line 361.
LaTeX Font Info:    Overwriting math alphabet `\mathit' in version `bold'
(Font)                  OT1/cmr/bx/it --> OT1/phv/m/it on input line 361.
LaTeX Font Info:    Redeclaring math alphabet \mathtt on input line 361.
LaTeX Font Info:    Overwriting math alphabet `\mathtt' in version `normal'
(Font)                  OT1/cmtt/m/n --> OT1/cmtt/m/n on input line 361.
LaTeX Font Info:    Overwriting math alphabet `\mathtt' in version `bold'
(Font)                  OT1/cmtt/m/n --> OT1/cmtt/m/n on input line 361.
LaTeX Font Info:    Overwriting symbol font `numbers' in version `bold'
(Font)                  OT1/phv/m/n --> OT1/phv/bx/n on input line 361.
LaTeX Font Info:    Overwriting symbol font `pureletters' in version `bold'
(Font)                  OT1/phv/m/it --> OT1/phv/bx/it on input line 361.
LaTeX Font Info:    Overwriting math alphabet `\mathrm' in version `bold'
(Font)                  OT1/cmss/bx/n --> OT1/cmr/bx/n on input line 361.
LaTeX Font Info:    Overwriting math alphabet `\mathbf' in version `bold'
(Font)                  OT1/phv/bx/n --> OT1/phv/bx/n on input line 361.
LaTeX Font Info:    Overwriting math alphabet `\mathsf' in version `bold'
(Font)                  OT1/phv/m/n --> OT1/phv/bx/n on input line 361.
LaTeX Font Info:    Overwriting math alphabet `\mathit' in version `bold'
(Font)                  OT1/phv/m/it --> OT1/phv/bx/it on input line 361.
LaTeX Font Info:    Overwriting math alphabet `\mathtt' in version `bold'
(Font)                  OT1/cmtt/m/n --> OT1/cmtt/bx/n on input line 361.

(/usr/local/texlive/2016/texmf-dist/tex/latex/beamer/translator/dicts/translato
r-basic-dictionary/translator-basic-dictionary-English.dict
Dictionary: translator-basic-dictionary, Language: English 
)
(/usr/local/texlive/2016/texmf-dist/tex/latex/beamer/translator/dicts/translato
r-bibliography-dictionary/translator-bibliography-dictionary-English.dict
Dictionary: translator-bibliography-dictionary, Language: English 
)
(/usr/local/texlive/2016/texmf-dist/tex/latex/beamer/translator/dicts/translato
r-environment-dictionary/translator-environment-dictionary-English.dict
Dictionary: translator-environment-dictionary, Language: English 
)
(/usr/local/texlive/2016/texmf-dist/tex/latex/beamer/translator/dicts/translato
r-months-dictionary/translator-months-dictionary-English.dict
Dictionary: translator-months-dictionary, Language: English 
)
(/usr/local/texlive/2016/texmf-dist/tex/latex/beamer/translator/dicts/translato
r-numbers-dictionary/translator-numbers-dictionary-English.dict
Dictionary: translator-numbers-dictionary, Language: English 
)
(/usr/local/texlive/2016/texmf-dist/tex/latex/beamer/translator/dicts/translato
r-theorem-dictionary/translator-theorem-dictionary-English.dict
Dictionary: translator-theorem-dictionary, Language: English 
)
LaTeX Info: Redefining \includegraphics on input line 361.
 (./poster.nav)
LaTeX Font Info:    Font shape `OT1/phv/m/it' in size <24.88> not available
(Font)              Font shape `OT1/phv/m/sl' tried instead on input line 361.
LaTeX Font Info:    Font shape `OT1/phv/m/it' in size <20.74> not available
(Font)              Font shape `OT1/phv/m/sl' tried instead on input line 361.
LaTeX Font Info:    Font shape `OT1/phv/m/it' in size <17.28> not available
(Font)              Font shape `OT1/phv/m/sl' tried instead on input line 361.
LaTeX Font Info:    Font shape `OT1/phv/bx/n' in size <12> not available
(Font)              Font shape `OT1/phv/b/n' tried instead on input line 361.
LaTeX Font Info:    Font shape `OT1/phv/bx/n' in size <43> not available
(Font)              Font shape `OT1/phv/b/n' tried instead on input line 361.
LaTeX Font Info:    Font shape `OT1/phv/bx/n' in size <90> not available
(Font)              Font shape `OT1/phv/b/n' tried instead on input line 361.
<fig/UTAS-White-Stacked.png, id=14, 483.7272pt x 253.1859pt>
File: fig/UTAS-White-Stacked.png Graphic file (type png)

<use fig/UTAS-White-Stacked.png>
Package pdftex.def Info: fig/UTAS-White-Stacked.png used on input line 361.
(pdftex.def)             Requested size: 418.05453pt x 218.81348pt.
 (./tex/tikz_poster.tex
LaTeX Font Info:    Font shape `OT1/phv/bx/n' in size <24.88> not available
(Font)              Font shape `OT1/phv/b/n' tried instead on input line 7.
LaTeX Font Info:    Font shape `OT1/phv/bx/n' in size <29.86> not available
(Font)              Font shape `OT1/phv/b/n' tried instead on input line 7.

Underfull \hbox (badness 10000) in paragraph at lines 8--9
[]\OT1/phv/m/n/24.88 The litho-sphere con-sists of the Earth's crust and the up
-per-
 []


Underfull \hbox (badness 10000) in paragraph at lines 8--9
\OT1/phv/m/n/24.88 most man-tle. It forms the tec-tonic plates that de-fine con
-ti-nents
 []


Underfull \hbox (badness 10000) in paragraph at lines 8--9
\OT1/phv/m/n/24.88 and oceans. Con-ti-nen-tal drift and col-li-sions of plates 
cre-ate
 []


Underfull \hbox (badness 10000) in paragraph at lines 8--9
\OT1/phv/m/n/24.88 moun-tain ranges, sed-i-men-tary basins and causes earth-
 []


Underfull \hbox (badness 10000) in paragraph at lines 8--9
\OT1/phv/m/n/24.88 quakes and vol-can-ism. The litho-sphere can move ver-ti-cal
ly
 []


Underfull \hbox (badness 10000) in paragraph at lines 8--9
\OT1/phv/m/n/24.88 in re-sponse to added load or deeper forces. Stud-ies of the

 []


Underfull \hbox (badness 10000) in paragraph at lines 8--9
\OT1/phv/m/n/24.88 litho-sphere has a spe-cial im-por-tance in Antarc-tic re-se
arch as it
 []


Underfull \hbox (badness 10000) in paragraph at lines 8--9

 []


Underfull \hbox (badness 10000) in paragraph at lines 10--11
[]\OT1/phv/m/n/24.88 This project aims to progress our knowl-edge about the str
uc-
 []


Underfull \hbox (badness 10000) in paragraph at lines 10--11
\OT1/phv/m/n/24.88 ture and vari-abil-ity of the deep reaches of the Antarc-tic
 con-
 []


Underfull \hbox (badness 10000) in paragraph at lines 10--11
\OT1/phv/m/n/24.88 ti-nen-tal base-ment. I will use geo-phys-i-cal ob-ser-va-ti
ons, e.g.
 []


Underfull \hbox (badness 10000) in paragraph at lines 10--11
\OT1/phv/m/sl/24.88 seis-mic data\OT1/phv/m/n/24.88 , \OT1/phv/m/sl/24.88 air-b
orne grav-ity \OT1/phv/m/n/24.88 and \OT1/phv/m/sl/24.88 mag-ne-totel-luric dat
a \OT1/phv/m/n/24.88 to
 []


Underfull \hbox (badness 10000) in paragraph at lines 10--11
\OT1/phv/m/n/24.88 cre-ate a new model of the Antarc-tic litho-sphere. This wil
l
 []


Underfull \hbox (badness 10000) in paragraph at lines 10--11
\OT1/phv/m/n/24.88 be con-strained with the lim-ited rock type ob-ser-va-tions 
and
 []


Underfull \hbox (badness 10000) in paragraph at lines 10--11

 []


Underfull \hbox (badness 10000) in paragraph at lines 12--13
[]\OT1/phv/m/n/24.88 In the tec-tonic his-tory of the Earth, Antarc-tica ap-pea
rs to have
 []


Underfull \hbox (badness 10000) in paragraph at lines 12--13
\OT1/phv/m/n/24.88 been a hub in the su-per-con-ti-nent Gond-wana as-sem-bly (c
.
 []


Underfull \hbox (badness 10000) in paragraph at lines 12--13
\OT1/phv/m/n/24.88 570-180 mil-lion years ago) and also of cen-tral con-cern fo
r re-
 []


Underfull \hbox (badness 10000) in paragraph at lines 12--13
\OT1/phv/m/n/24.88 con-struc-tion of ear-lier su-per-con-ti-nents. There-fore, 
con-straints
 []


Underfull \hbox (badness 10000) in paragraph at lines 12--13
\OT1/phv/m/n/24.88 from neigh-bour-ing con-ti-nents can help us to bet-ter un-d
er-stand
 []


Underfull \hbox (badness 10000) in paragraph at lines 12--13

 []


Underfull \hbox (badness 10000) in paragraph at lines 14--16
[]\OT1/phv/m/n/24.88 Until re-cently, Antarc-tic geo-phys-i-cal data have been 
scarce, but
 []


Underfull \hbox (badness 10000) in paragraph at lines 14--16
\OT1/phv/m/n/24.88 ex-tended new datasets are avail-able af-ter the field cam-p
aigns
 []


Underfull \hbox (badness 10000) in paragraph at lines 14--16
\OT1/phv/m/n/24.88 be-gun in the In-ter-na-tional Po-lar Year of 2007. I will u
se a va-ri-
 []


Underfull \hbox (badness 10000) in paragraph at lines 14--16
\OT1/phv/m/n/24.88 ety of tech-niques to in-fer the lo-ca-tion and ex-tent of s
ig-nif-i-cant
 []


Underfull \hbox (badness 10000) in paragraph at lines 21--22
[]\OT1/phv/m/n/24.88 The litho-sphere of Antarc-tica is es-pe-cially cru-cial f
or the in-ter-
 []


Underfull \hbox (badness 10000) in paragraph at lines 21--22
\OT1/phv/m/n/24.88 ac-tion be-tween the solid Earth and the ice sheet. The weig
ht
 []


Underfull \hbox (badness 10000) in paragraph at lines 21--22
\OT1/phv/m/n/24.88 of the ice pushes the litho-sphere down. How it re-spond to
 []


Underfull \hbox (badness 10000) in paragraph at lines 21--22
\OT1/phv/m/n/24.88 changes in the glacia-tion de-pends on the me-chan-i-cal pro
p-er-
 []


Underfull \hbox (badness 10000) in paragraph at lines 21--22
\OT1/phv/m/n/24.88 ties of the litho-sphere, its age and com-po-si-tion. The bu
oy-ancy
 []


Underfull \hbox (badness 10000) in paragraph at lines 21--22
\OT1/phv/m/n/24.88 bal-ance of the litho-sphere, the ice sheet and the soft ma-
te-rial
 []


Underfull \hbox (badness 10000) in paragraph at lines 21--22

 []

<fig/ice_cartoon.pdf, id=16, 1525.50935pt x 1303.71062pt>
File: fig/ice_cartoon.pdf Graphic file (type pdf)

<use fig/ice_cartoon.pdf>
Package pdftex.def Info: fig/ice_cartoon.pdf used on input line 23.
(pdftex.def)             Requested size: 350.85977pt x 299.84714pt.

Underfull \hbox (badness 10000) in paragraph at lines 37--38
[]\OT1/phv/m/n/24.88 The ge-ol-ogy of Antarc-tica is only known from scarce out
-crops
 []


Underfull \hbox (badness 10000) in paragraph at lines 37--38
\OT1/phv/m/n/24.88 along the coast and a few moun-tains in the in-te-rior. Ther
e-
 []


Underfull \hbox (badness 10000) in paragraph at lines 37--38
\OT1/phv/m/n/24.88 fore, any ge-o-log-i-cal map of Antarc-tica is a lit-tle mor
e than a
 []


Underfull \hbox (badness 10000) in paragraph at lines 37--38
\OT1/phv/m/n/24.88 guess-work. The bound-aries be-tween ge-o-log-i-cal ter-rain
s are
 []


Underfull \hbox (badness 10000) in paragraph at lines 37--38
\OT1/phv/m/n/24.88 not more jus-ti-fied than colo-nial bor-ders through a land 
of un-
 []


Underfull \hbox (badness 10000) in paragraph at lines 37--38
\OT1/phv/m/n/24.88 known cul-tures. To be able to es-ti-mate the heat flux, we 
need
 []


Underfull \hbox (badness 10000) in paragraph at lines 37--38
\OT1/phv/m/n/24.88 to have a more truth-ful map of the ge-o-log-i-cal ter-rains
 un-der the
 []


Underfull \hbox (badness 10000) in paragraph at lines 37--38
\OT1/phv/m/n/24.88 ice [[]]. If bound-aries re-main un-cer-tain, the prob-a-bil
-i-ties should
 []

<fig/boger_map.pdf, id=17, 991.30348pt x 837.85017pt>
File: fig/boger_map.pdf Graphic file (type pdf)
 <use fig/boger_map.pdf>
Package pdftex.def Info: fig/boger_map.pdf used on input line 39.
(pdftex.def)             Requested size: 693.9077pt x 586.49112pt.

<fig/photo_ice.jpg, id=18, 2055.68pt x 1370.11874pt>
File: fig/photo_ice.jpg Graphic file (type jpg)
 <use fig/photo_ice.jpg>
Package pdftex.def Info: fig/photo_ice.jpg used on input line 46.
(pdftex.def)             Requested size: 2333.12598pt x 470.03233pt.

Overfull \hbox (1613.27126pt too wide) in paragraph at lines 45--47
 [][][][][] 
 []

<fig/An_heat.png, id=20, 652.5981pt x 735.7086pt>
File: fig/An_heat.png Graphic file (type png)
 <use fig/An_heat.png>
Package pdftex.def Info: fig/An_heat.png used on input line 61.
(pdftex.def)             Requested size: 587.33286pt x 662.13162pt.

Underfull \hbox (badness 10000) in paragraph at lines 65--67
[]\OT1/phv/m/n/24.88 Crustal heat flow in $\OT1/phv/m/sl/24.88 mW\OML/cmm/m/it/
24.88 =\OT1/phv/m/sl/24.88 m[]$ \OT1/phv/m/n/24.88 based on seis-mic ve-loc-i-t
ies and
 []


Underfull \hbox (badness 10000) in paragraph at lines 65--67
\OT1/phv/m/n/24.88 heat trans-fer func-tions [[]]. This is our best avail-able 
method to
 []


Underfull \hbox (badness 10000) in paragraph at lines 65--67
\OT1/phv/m/n/24.88 es-ti-mate the heat flow in ab-sence of di-rect mea-sure-men
ts. Hot
 []


Underfull \hbox (badness 10000) in paragraph at lines 65--67
\OT1/phv/m/n/24.88 ma-te-rial gen-er-ally have a lower ve-loc-ity and cold ma-t
e-rial has
 []


Underfull \hbox (badness 10000) in paragraph at lines 65--67
\OT1/phv/m/n/24.88 a higher ve-loc-ity. Un-for-tu-nately, this kind of mod-els 
don't agree
 []


Underfull \hbox (badness 10000) in paragraph at lines 65--67
\OT1/phv/m/n/24.88 well with ac-tual di-rect mea-sure-ments that lo-cally can b
e 2-3
 []

<fig/An_LAB.png, id=22, 652.5981pt x 735.7086pt>
File: fig/An_LAB.png Graphic file (type png)
 <use fig/An_LAB.png>
Package pdftex.def Info: fig/An_LAB.png used on input line 86.
(pdftex.def)             Requested size: 587.33286pt x 662.13162pt.

Underfull \hbox (badness 10000) in paragraph at lines 90--91
[]\OT1/phv/m/n/24.88 The depth in $\OT1/phv/m/sl/24.88 km$ \OT1/phv/m/n/24.88 t
o the bound-ary be-tween the litho-sphere and
 []


Underfull \hbox (badness 10000) in paragraph at lines 90--91
\OT1/phv/m/n/24.88 the \OT1/phv/m/sl/24.88 as-teno-sphere \OT1/phv/m/n/24.88 is
 not un-am-bigu-ous. It de-pends on what
 []


Underfull \hbox (badness 10000) in paragraph at lines 90--91
\OT1/phv/m/n/24.88 def-i-ni-tion we use for the litho-sphere. In this map thick
-ness is
 []


Underfull \hbox (badness 10000) in paragraph at lines 90--91
\OT1/phv/m/n/24.88 de-rived from seis-mic ve-loc-i-ties and can be used as con-
straints
 []


Underfull \hbox (badness 10000) in paragraph at lines 90--91
\OT1/phv/m/n/24.88 for the tec-tonic re-gions of Antarc-tica. Note that East An
tarc-tica
 []


Underfull \hbox (badness 10000) in paragraph at lines 90--91
\OT1/phv/m/n/24.88 is much thicker than West Antarc-tica, sug-gest-ing a dif-fe
r-ent
 []


Underfull \hbox (badness 10000) in paragraph at lines 92--93
[]\OT1/phv/m/n/24.88 By mea-sur-ing the time for a seis-mic event from e.g. an 
earth-
 []


Underfull \hbox (badness 10000) in paragraph at lines 92--93
\OT1/phv/m/n/24.88 quake to a seis-mome-ter, we can in-verse for the ve-loc-ity
. Un-
 []


Underfull \hbox (badness 10000) in paragraph at lines 92--93
\OT1/phv/m/n/24.88 for-tu-nately, in this con-text, there is not many earth-qua
kes in
 []


Underfull \hbox (badness 10000) in paragraph at lines 92--93
\OT1/phv/m/n/24.88 Antarc-tica and un-til re-cently, it's been very few seis-mo
me-ters.
 []


Underfull \hbox (badness 10000) in paragraph at lines 92--93
\OT1/phv/m/n/24.88 The mod-els have been very course in prob-a-bly not cor-rect
 but
 []


Underfull \hbox (badness 10000) in paragraph at lines 92--93
\OT1/phv/m/n/24.88 thanks to the cam-paigns dur-ing the In-ter-na-tional Po-lar
 Year
 []


Underfull \hbox (badness 10000) in paragraph at lines 92--93
\OT1/phv/m/n/24.88 (IPY) 2007-08 we now have more mea-sure-ments. For high
 []


Underfull \hbox (badness 10000) in paragraph at lines 92--93
\OT1/phv/m/n/24.88 res-o-lu-tion mod-els, even more seis-mic sta-tions are need
ed and
 []

<fig/An_CRUST.png, id=24, 655.4889pt x 735.7086pt>
File: fig/An_CRUST.png Graphic file (type png)
 <use fig/An_CRUST.png>
Package pdftex.def Info: fig/An_CRUST.png used on input line 105.
(pdftex.def)             Requested size: 589.93457pt x 662.13162pt.

Underfull \hbox (badness 10000) in paragraph at lines 108--110
[]\OT1/phv/m/n/24.88 The thick-ness of the crust in $\OT1/phv/m/sl/24.88 km$\OT
1/phv/m/n/24.88 . The crust is chem-i-cally dis-
 []


Underfull \hbox (badness 10000) in paragraph at lines 108--110
\OT1/phv/m/n/24.88 tinct from the man-tle, and eas-ier to de-fine. The thick-ne
ss can
 []


Underfull \hbox (badness 10000) in paragraph at lines 108--110
\OT1/phv/m/n/24.88 be used as cor-re-la-tion be-tween var-i-ous seis-mic tech-n
iques
 []


Underfull \hbox (badness 10000) in paragraph at lines 108--110
\OT1/phv/m/n/24.88 [[]]. Dif-fer-ent seis-mic meth-ods don't agree ev-ery-where
, e.g
 []


Underfull \hbox (badness 10000) in paragraph at lines 108--110
\OT1/phv/m/sl/24.88 re-ceiver func-tions \OT1/phv/m/n/24.88 can mea-sure the lo
-cal crustal thick-ness with
 []


Underfull \hbox (badness 10000) in paragraph at lines 108--110
\OT1/phv/m/n/24.88 rather good ac-cu-racy, \OT1/phv/m/sl/24.88 to-mog-ra-phy \O
T1/phv/m/n/24.88 can be used for larger ar-eas
 []


Underfull \hbox (badness 10000) in paragraph at lines 108--110
\OT1/phv/m/n/24.88 but changes seen in re-ceiver func-tions are not present in 
low
 []


Underfull \hbox (badness 10000) in paragraph at lines 119--120
[]\OT1/phv/m/n/24.88 A bet-ter model of Antarc-tic litho-sphere is needed to cr
e-ate
 []


Underfull \hbox (badness 10000) in paragraph at lines 119--120
\OT1/phv/m/n/24.88 more ac-cu-rate mod-els for heat flow and isostasy. Present
 []


Underfull \hbox (badness 10000) in paragraph at lines 119--120
\OT1/phv/m/n/24.88 mod-els [[]] can be im-proved with a in-ter-dis-ci-plinary a
p-proach.
 []


Underfull \hbox (badness 10000) in paragraph at lines 119--120
\OT1/phv/m/n/24.88 Con-straints from ge-ol-ogy and di-rect mea-sure-ments can a
dd
 []


Underfull \hbox (badness 10000) in paragraph at lines 119--120
\OT1/phv/m/n/24.88 im-por-tant pa-ram-e-ters. More-over, a sta-tis-ti-cal ap-pr
oach to
 []


Underfull \hbox (badness 10000) in paragraph at lines 119--120
\OT1/phv/m/n/24.88 un-cer-tain-ties can fur-ther im-prove the mod-els. Stud-ies
 of the
 []

(./poster.bbl
Underfull \hbox (badness 10000) in paragraph at lines 11--16
[]\OT1/phv/m/n/12 A. R. A. Aitken, D. A. Young, F. Fer-rac-ci-oli, P. G. Betts,
 J. S. Green-baum, T. G. Richter, J. L. Roberts, D. D.
 []

LaTeX Font Info:    Font shape `OT1/phv/m/it' in size <12> not available
(Font)              Font shape `OT1/phv/m/sl' tried instead on input line 27.

Underfull \hbox (badness 1173) in paragraph at lines 37--41
[]\OT1/phv/m/n/12 C. J. Car-son, S. McLaren, J. L. Roberts, S. D. Boger, and D.
 D. Blanken-ship.  Hot rocks in a cold place: high
 []


Underfull \hbox (badness 10000) in paragraph at lines 43--47
[]\OT1/phv/m/n/12 A. T. Fisher, K. D. Mankoff, S. M. Tu-laczyk, and S. W. Tyler
.  High geother-mal heat flux mea-sured be-low the
 []


Underfull \hbox (badness 10000) in paragraph at lines 49--53
[]\OT1/phv/m/n/12 A. M. Read-ing.  The seis-mic struc-ture of Pre-cam-brian and
 early Palaeo-zoic ter-ranes in the Lam-bert Glacier re-
 []

) <fig/placeholder.png, id=28, 431.6125pt x 431.6125pt>
File: fig/placeholder.png Graphic file (type png)

<use fig/placeholder.png>
Package pdftex.def Info: fig/placeholder.png used on input line 169.
(pdftex.def)             Requested size: 99.58464pt x 99.5849pt.

Underfull \hbox (badness 10000) in paragraph at lines 161--171

 []


Underfull \hbox (badness 10000) in paragraph at lines 172--173
[]\OT1/phv/m/sl/24.88 Photo of po-lar ice and rocks by An-dreas Kam-ba-nis. Li-
censed
 []


Overfull \hbox (1.3295pt too wide) in paragraph at lines 179--180
[][]  
 []

)
File: fig/UTAS-White-Stacked.png Graphic file (type png)
 <use fig/UTAS-White-Stacked.png>
Package pdftex.def Info: fig/UTAS-White-Stacked.png used on input line 377.
(pdftex.def)             Requested size: 418.05453pt x 218.81348pt.
 [1{/usr/local/texlive/2016/texmf-var/fonts/map/pdftex/updmap/pdftex.map}

 <./fig/photo_ice.jpg> <./fig/An_heat.png> <./fig/An_LAB.png> <./fig/An_CRUST.p
ng> <./fig/UTAS-White-Stacked.png> <./fig/ice_cartoon.pdf> <./fig/boger_map.pdf
> <./fig/placeholder.png>]
\tf@nav=\write8
\openout8 = `poster.nav'.

\tf@toc=\write9
\openout9 = `poster.toc'.

\tf@snm=\write10
\openout10 = `poster.snm'.

Package atveryend Info: Empty hook `BeforeClearDocument' on input line 379.
Package atveryend Info: Empty hook `AfterLastShipout' on input line 379.
 (./poster.aux)
Package atveryend Info: Empty hook `AtVeryEndDocument' on input line 379.
Package atveryend Info: Executing hook `AtEndAfterFileList' on input line 379.
Package rerunfilecheck Info: File `poster.out' has not changed.
(rerunfilecheck)             Checksum: D41D8CD98F00B204E9800998ECF8427E;0.
Package atveryend Info: Empty hook `AtVeryVeryEnd' on input line 379.
 ) 
Here is how much of TeX's memory you used:
 26110 strings out of 493014
 538088 string characters out of 6133351
 699251 words of memory out of 5000000
 29007 multiletter control sequences out of 15000+600000
 27796 words of font info for 62 fonts, out of 8000000 for 9000
 1141 hyphenation exceptions out of 8191
 56i,20n,76p,1927b,1065s stack positions out of 5000i,500n,10000p,200000b,80000s
{/usr/local/texlive/2016/texmf-dist/fonts/enc/dvips/base/8r.enc}</usr/local/t
exlive/2016/texmf-dist/fonts/type1/public/amsfonts/cm/cmmi12.pfb></usr/local/te
xlive/2016/texmf-dist/fonts/type1/public/amsfonts/cm/cmtt12.pfb></usr/local/tex
live/2016/texmf-dist/fonts/type1/public/amsfonts/symbols/msam10.pfb></usr/local
/texlive/2016/texmf-dist/fonts/type1/urw/helvetic/uhvb8a.pfb></usr/local/texliv
e/2016/texmf-dist/fonts/type1/urw/helvetic/uhvr8a.pfb></usr/local/texlive/2016/
texmf-dist/fonts/type1/urw/helvetic/uhvro8a.pfb>
Output written on poster.pdf (1 page, 53671303 bytes).
PDF statistics:
 98 PDF objects out of 1000 (max. 8388607)
 49 compressed objects within 1 object stream
 4 named destinations out of 1000 (max. 500000)
 107 words of extra memory for PDF output out of 10000 (max. 10000000)

